{"/home/travis/build/npmtest/node-npmtest-moment/test.js":{"path":"/home/travis/build/npmtest/node-npmtest-moment/test.js","s":{"1":2,"2":2,"3":2,"4":2,"5":2,"6":2,"7":2,"8":1,"9":2,"10":2,"11":1,"12":1,"13":1,"14":1,"15":2,"16":2,"17":2,"18":2,"19":1,"20":1,"21":2,"22":2,"23":2,"24":1,"25":1,"26":1,"27":1,"28":1,"29":1,"30":1,"31":1,"32":1,"33":1,"34":1,"35":1,"36":2,"37":2,"38":1,"39":2,"40":2,"41":1,"42":2,"43":2,"44":1,"45":1,"46":1,"47":1,"48":1},"b":{"1":[2,1,1,1],"2":[1,1,1,1],"3":[1,1],"4":[1,1],"5":[1,1],"6":[1,1],"7":[1,1],"8":[1,1],"9":[1,1,1],"10":[1,1],"11":[1,1],"12":[1,1],"13":[1,1],"14":[1,1],"15":[1,1]},"f":{"1":2,"2":2,"3":2,"4":2,"5":2,"6":1,"7":1,"8":2,"9":2,"10":2,"11":1},"fnMap":{"1":{"name":"(anonymous_1)","line":12,"loc":{"start":{"line":12,"column":1},"end":{"line":12,"column":13}}},"2":{"name":"(anonymous_2)","line":19,"loc":{"start":{"line":19,"column":5},"end":{"line":19,"column":17}}},"3":{"name":"(anonymous_3)","line":23,"loc":{"start":{"line":23,"column":24},"end":{"line":23,"column":36}}},"4":{"name":"(anonymous_4)","line":61,"loc":{"start":{"line":61,"column":5},"end":{"line":61,"column":17}}},"5":{"name":"(anonymous_5)","line":82,"loc":{"start":{"line":82,"column":5},"end":{"line":82,"column":17}}},"6":{"name":"(anonymous_6)","line":102,"loc":{"start":{"line":102,"column":83},"end":{"line":105,"column":10}},"skip":true},"7":{"name":"(anonymous_7)","line":113,"loc":{"start":{"line":113,"column":77},"end":{"line":116,"column":10}},"skip":true},"8":{"name":"(anonymous_8)","line":127,"loc":{"start":{"line":127,"column":77},"end":{"line":130,"column":10}},"skip":true},"9":{"name":"(anonymous_9)","line":138,"loc":{"start":{"line":138,"column":83},"end":{"line":141,"column":10}},"skip":true},"10":{"name":"(anonymous_10)","line":149,"loc":{"start":{"line":149,"column":79},"end":{"line":152,"column":10}},"skip":true},"11":{"name":"(anonymous_11)","line":160,"loc":{"start":{"line":160,"column":75},"end":{"line":163,"column":10}},"skip":true}},"statementMap":{"1":{"start":{"line":12,"column":0},"end":{"line":175,"column":5}},"2":{"start":{"line":14,"column":4},"end":{"line":14,"column":14}},"3":{"start":{"line":19,"column":4},"end":{"line":56,"column":9}},"4":{"start":{"line":21,"column":8},"end":{"line":21,"column":19}},"5":{"start":{"line":23,"column":8},"end":{"line":35,"column":13}},"6":{"start":{"line":24,"column":12},"end":{"line":34,"column":13}},"7":{"start":{"line":25,"column":16},"end":{"line":28,"column":30}},"8":{"start":{"line":30,"column":16},"end":{"line":33,"column":27}},"9":{"start":{"line":37,"column":8},"end":{"line":39,"column":21}},"10":{"start":{"line":40,"column":8},"end":{"line":53,"column":9}},"11":{"start":{"line":43,"column":12},"end":{"line":46,"column":14}},"12":{"start":{"line":47,"column":12},"end":{"line":47,"column":18}},"13":{"start":{"line":50,"column":12},"end":{"line":51,"column":46}},"14":{"start":{"line":52,"column":12},"end":{"line":52,"column":18}},"15":{"start":{"line":55,"column":8},"end":{"line":55,"column":35}},"16":{"start":{"line":61,"column":4},"end":{"line":63,"column":9}},"17":{"start":{"line":62,"column":8},"end":{"line":62,"column":15}},"18":{"start":{"line":64,"column":4},"end":{"line":77,"column":5}},"19":{"start":{"line":70,"column":8},"end":{"line":70,"column":14}},"20":{"start":{"line":76,"column":8},"end":{"line":76,"column":14}},"21":{"start":{"line":82,"column":4},"end":{"line":84,"column":9}},"22":{"start":{"line":83,"column":8},"end":{"line":83,"column":15}},"23":{"start":{"line":85,"column":4},"end":{"line":174,"column":5}},"24":{"start":{"line":92,"column":8},"end":{"line":94,"column":63}},"25":{"start":{"line":95,"column":8},"end":{"line":95,"column":14}},"26":{"start":{"line":102,"column":8},"end":{"line":111,"column":10},"skip":true},"27":{"start":{"line":109,"column":12},"end":{"line":109,"column":55},"skip":true},"28":{"start":{"line":110,"column":12},"end":{"line":110,"column":48},"skip":true},"29":{"start":{"line":113,"column":8},"end":{"line":125,"column":10},"skip":true},"30":{"start":{"line":120,"column":12},"end":{"line":120,"column":76},"skip":true},"31":{"start":{"line":121,"column":12},"end":{"line":121,"column":73},"skip":true},"32":{"start":{"line":122,"column":12},"end":{"line":122,"column":74},"skip":true},"33":{"start":{"line":123,"column":12},"end":{"line":123,"column":25},"skip":true},"34":{"start":{"line":124,"column":12},"end":{"line":124,"column":45},"skip":true},"35":{"start":{"line":127,"column":8},"end":{"line":136,"column":10},"skip":true},"36":{"start":{"line":134,"column":12},"end":{"line":134,"column":25},"skip":true},"37":{"start":{"line":135,"column":12},"end":{"line":135,"column":45},"skip":true},"38":{"start":{"line":138,"column":8},"end":{"line":147,"column":10},"skip":true},"39":{"start":{"line":145,"column":12},"end":{"line":145,"column":25},"skip":true},"40":{"start":{"line":146,"column":12},"end":{"line":146,"column":48},"skip":true},"41":{"start":{"line":149,"column":8},"end":{"line":158,"column":10},"skip":true},"42":{"start":{"line":156,"column":12},"end":{"line":156,"column":25},"skip":true},"43":{"start":{"line":157,"column":12},"end":{"line":157,"column":46},"skip":true},"44":{"start":{"line":160,"column":8},"end":{"line":169,"column":10},"skip":true},"45":{"start":{"line":167,"column":12},"end":{"line":167,"column":94},"skip":true},"46":{"start":{"line":168,"column":12},"end":{"line":168,"column":48},"skip":true},"47":{"start":{"line":172,"column":8},"end":{"line":172,"column":35},"skip":true},"48":{"start":{"line":173,"column":8},"end":{"line":173,"column":14},"skip":true}},"branchMap":{"1":{"line":25,"type":"binary-expr","locations":[{"start":{"line":25,"column":23},"end":{"line":25,"column":62}},{"start":{"line":26,"column":20},"end":{"line":26,"column":70}},{"start":{"line":27,"column":20},"end":{"line":27,"column":71}},{"start":{"line":28,"column":20},"end":{"line":28,"column":29}}]},"2":{"line":30,"type":"binary-expr","locations":[{"start":{"line":30,"column":23},"end":{"line":30,"column":37}},{"start":{"line":31,"column":20},"end":{"line":31,"column":61}},{"start":{"line":32,"column":20},"end":{"line":32,"column":70}},{"start":{"line":33,"column":20},"end":{"line":33,"column":26}}]},"3":{"line":37,"type":"cond-expr","locations":[{"start":{"line":38,"column":14},"end":{"line":38,"column":20}},{"start":{"line":39,"column":14},"end":{"line":39,"column":20}}]},"4":{"line":40,"type":"switch","locations":[{"start":{"line":42,"column":8},"end":{"line":47,"column":18}},{"start":{"line":49,"column":8},"end":{"line":52,"column":18}}]},"5":{"line":44,"type":"binary-expr","locations":[{"start":{"line":44,"column":16},"end":{"line":44,"column":44}},{"start":{"line":44,"column":48},"end":{"line":44,"column":66}}]},"6":{"line":50,"type":"binary-expr","locations":[{"start":{"line":50,"column":21},"end":{"line":50,"column":49}},{"start":{"line":50,"column":53},"end":{"line":50,"column":72}}]},"7":{"line":64,"type":"switch","locations":[{"start":{"line":69,"column":4},"end":{"line":70,"column":14}},{"start":{"line":75,"column":4},"end":{"line":76,"column":14}}]},"8":{"line":85,"type":"switch","locations":[{"start":{"line":90,"column":4},"end":{"line":95,"column":14}},{"start":{"line":101,"column":4},"end":{"line":173,"column":14},"skip":true}]},"9":{"line":92,"type":"binary-expr","locations":[{"start":{"line":92,"column":18},"end":{"line":92,"column":32}},{"start":{"line":93,"column":12},"end":{"line":93,"column":53}},{"start":{"line":94,"column":12},"end":{"line":94,"column":61}}]},"10":{"line":102,"type":"binary-expr","locations":[{"start":{"line":102,"column":45},"end":{"line":102,"column":79},"skip":true},{"start":{"line":102,"column":83},"end":{"line":111,"column":9},"skip":true}]},"11":{"line":113,"type":"binary-expr","locations":[{"start":{"line":113,"column":42},"end":{"line":113,"column":73},"skip":true},{"start":{"line":113,"column":77},"end":{"line":125,"column":9},"skip":true}]},"12":{"line":127,"type":"binary-expr","locations":[{"start":{"line":127,"column":42},"end":{"line":127,"column":73},"skip":true},{"start":{"line":127,"column":77},"end":{"line":136,"column":9},"skip":true}]},"13":{"line":138,"type":"binary-expr","locations":[{"start":{"line":138,"column":45},"end":{"line":138,"column":79},"skip":true},{"start":{"line":138,"column":83},"end":{"line":147,"column":9},"skip":true}]},"14":{"line":149,"type":"binary-expr","locations":[{"start":{"line":149,"column":43},"end":{"line":149,"column":75},"skip":true},{"start":{"line":149,"column":79},"end":{"line":158,"column":9},"skip":true}]},"15":{"line":160,"type":"binary-expr","locations":[{"start":{"line":160,"column":41},"end":{"line":160,"column":71},"skip":true},{"start":{"line":160,"column":75},"end":{"line":169,"column":9},"skip":true}]}},"code":["/* istanbul instrument in package npmtest_moment */","/*jslint","    bitwise: true,","    browser: true,","    maxerr: 8,","    maxlen: 96,","    node: true,","    nomen: true,","    regexp: true,","    stupid: true","*/","(function () {","    'use strict';","    var local;","","","","    // run shared js-env code - pre-init","    (function () {","        // init local","        local = {};","        // init modeJs","        local.modeJs = (function () {","            try {","                return typeof navigator.userAgent === 'string' &&","                    typeof document.querySelector('body') === 'object' &&","                    typeof XMLHttpRequest.prototype.open === 'function' &&","                    'browser';","            } catch (errorCaughtBrowser) {","                return module.exports &&","                    typeof process.versions.node === 'string' &&","                    typeof require('http').createServer === 'function' &&","                    'node';","            }","        }());","        // init global","        local.global = local.modeJs === 'browser'","            ? window","            : global;","        switch (local.modeJs) {","        // re-init local from window.local","        case 'browser':","            local = local.global.utility2.objectSetDefault(","                local.global.utility2_rollup || local.global.local,","                local.global.utility2","            );","            break;","        // re-init local from example.js","        case 'node':","            local = (local.global.utility2_rollup || require('utility2'))","                .requireExampleJsFromReadme();","            break;","        }","        // export local","        local.global.local = local;","    }());","","","","    // run shared js-env code - function","    (function () {","        return;","    }());","    switch (local.modeJs) {","","","","    // run browser js-env code - function","    case 'browser':","        break;","","","","    // run node js-env code - function","    case 'node':","        break;","    }","","","","    // run shared js-env code - post-init","    (function () {","        return;","    }());","    switch (local.modeJs) {","","","","    // run browser js-env code - post-init","    case 'browser':","        // run tests","        local.nop(local.modeTest &&","            document.querySelector('#testRunButton1') &&","            document.querySelector('#testRunButton1').click());","        break;","","","","    // run node js-env code - post-init","    /* istanbul ignore next */","    case 'node':","        local.testCase_buildApidoc_default = local.testCase_buildApidoc_default || function (","            options,","            onError","        ) {","        /*","         * this function will test buildApidoc's default handling-behavior-behavior","         */","            options = { modulePathList: module.paths };","            local.buildApidoc(options, onError);","        };","","        local.testCase_buildApp_default = local.testCase_buildApp_default || function (","            options,","            onError","        ) {","        /*","         * this function will test buildApp's default handling-behavior-behavior","         */","            local.testCase_buildReadme_default(options, local.onErrorThrow);","            local.testCase_buildLib_default(options, local.onErrorThrow);","            local.testCase_buildTest_default(options, local.onErrorThrow);","            options = [];","            local.buildApp(options, onError);","        };","","        local.testCase_buildLib_default = local.testCase_buildLib_default || function (","            options,","            onError","        ) {","        /*","         * this function will test buildLib's default handling-behavior","         */","            options = {};","            local.buildLib(options, onError);","        };","","        local.testCase_buildReadme_default = local.testCase_buildReadme_default || function (","            options,","            onError","        ) {","        /*","         * this function will test buildReadme's default handling-behavior-behavior","         */","            options = {};","            local.buildReadme(options, onError);","        };","","        local.testCase_buildTest_default = local.testCase_buildTest_default || function (","            options,","            onError","        ) {","        /*","         * this function will test buildTest's default handling-behavior","         */","            options = {};","            local.buildTest(options, onError);","        };","","        local.testCase_webpage_default = local.testCase_webpage_default || function (","            options,","            onError","        ) {","        /*","         * this function will test webpage's default handling-behavior","         */","            options = { modeCoverageMerge: true, url: local.serverLocalHost + '?modeTest=1' };","            local.browserTest(options, onError);","        };","","        // run test-server","        local.testRunServer(local);","        break;","    }","}());",""],"l":{"12":2,"14":2,"19":2,"21":2,"23":2,"24":2,"25":2,"30":1,"37":2,"40":2,"43":1,"47":1,"50":1,"52":1,"55":2,"61":2,"62":2,"64":2,"70":1,"76":1,"82":2,"83":2,"85":2,"92":1,"95":1,"102":1,"109":1,"110":1,"113":1,"120":1,"121":1,"122":1,"123":1,"124":1,"127":1,"134":2,"135":2,"138":1,"145":2,"146":2,"149":1,"156":2,"157":2,"160":1,"167":1,"168":1,"172":1,"173":1}},"/home/travis/build/npmtest/node-npmtest-moment/lib.npmtest_moment.js":{"path":"/home/travis/build/npmtest/node-npmtest-moment/lib.npmtest_moment.js","s":{"1":2,"2":2,"3":2,"4":2,"5":2,"6":2,"7":2,"8":1,"9":2,"10":2,"11":2,"12":2,"13":1,"14":1,"15":1,"16":1},"b":{"1":[2,1,1,1],"2":[1,1,1,1],"3":[1,1],"4":[2,2],"5":[1,1]},"f":{"1":2,"2":2,"3":2},"fnMap":{"1":{"name":"(anonymous_1)","line":12,"loc":{"start":{"line":12,"column":1},"end":{"line":12,"column":13}}},"2":{"name":"(anonymous_2)","line":19,"loc":{"start":{"line":19,"column":5},"end":{"line":19,"column":17}}},"3":{"name":"(anonymous_3)","line":23,"loc":{"start":{"line":23,"column":24},"end":{"line":23,"column":36}}}},"statementMap":{"1":{"start":{"line":12,"column":0},"end":{"line":53,"column":5}},"2":{"start":{"line":14,"column":4},"end":{"line":14,"column":14}},"3":{"start":{"line":19,"column":4},"end":{"line":52,"column":9}},"4":{"start":{"line":21,"column":8},"end":{"line":21,"column":19}},"5":{"start":{"line":23,"column":8},"end":{"line":35,"column":13}},"6":{"start":{"line":24,"column":12},"end":{"line":34,"column":13}},"7":{"start":{"line":25,"column":16},"end":{"line":28,"column":30}},"8":{"start":{"line":30,"column":16},"end":{"line":33,"column":27}},"9":{"start":{"line":37,"column":8},"end":{"line":39,"column":21}},"10":{"start":{"line":41,"column":8},"end":{"line":41,"column":54}},"11":{"start":{"line":43,"column":8},"end":{"line":43,"column":51}},"12":{"start":{"line":45,"column":8},"end":{"line":51,"column":9}},"13":{"start":{"line":46,"column":12},"end":{"line":46,"column":57}},"14":{"start":{"line":48,"column":12},"end":{"line":48,"column":35}},"15":{"start":{"line":49,"column":12},"end":{"line":49,"column":49}},"16":{"start":{"line":50,"column":12},"end":{"line":50,"column":43}}},"branchMap":{"1":{"line":25,"type":"binary-expr","locations":[{"start":{"line":25,"column":23},"end":{"line":25,"column":62}},{"start":{"line":26,"column":20},"end":{"line":26,"column":70}},{"start":{"line":27,"column":20},"end":{"line":27,"column":71}},{"start":{"line":28,"column":20},"end":{"line":28,"column":29}}]},"2":{"line":30,"type":"binary-expr","locations":[{"start":{"line":30,"column":23},"end":{"line":30,"column":37}},{"start":{"line":31,"column":20},"end":{"line":31,"column":61}},{"start":{"line":32,"column":20},"end":{"line":32,"column":70}},{"start":{"line":33,"column":20},"end":{"line":33,"column":26}}]},"3":{"line":37,"type":"cond-expr","locations":[{"start":{"line":38,"column":14},"end":{"line":38,"column":20}},{"start":{"line":39,"column":14},"end":{"line":39,"column":20}}]},"4":{"line":41,"type":"binary-expr","locations":[{"start":{"line":41,"column":16},"end":{"line":41,"column":44}},{"start":{"line":41,"column":48},"end":{"line":41,"column":53}}]},"5":{"line":45,"type":"if","locations":[{"start":{"line":45,"column":8},"end":{"line":45,"column":8}},{"start":{"line":45,"column":8},"end":{"line":45,"column":8}}]}},"code":["/* istanbul instrument in package npmtest_moment */","/*jslint","    bitwise: true,","    browser: true,","    maxerr: 8,","    maxlen: 96,","    node: true,","    nomen: true,","    regexp: true,","    stupid: true","*/","(function () {","    'use strict';","    var local;","","","","    // run shared js-env code - pre-init","    (function () {","        // init local","        local = {};","        // init modeJs","        local.modeJs = (function () {","            try {","                return typeof navigator.userAgent === 'string' &&","                    typeof document.querySelector('body') === 'object' &&","                    typeof XMLHttpRequest.prototype.open === 'function' &&","                    'browser';","            } catch (errorCaughtBrowser) {","                return module.exports &&","                    typeof process.versions.node === 'string' &&","                    typeof require('http').createServer === 'function' &&","                    'node';","            }","        }());","        // init global","        local.global = local.modeJs === 'browser'","            ? window","            : global;","        // init utility2_rollup","        local = local.global.utility2_rollup || local;","        // init lib","        local.local = local.npmtest_moment = local;","        // init exports","        if (local.modeJs === 'browser') {","            local.global.utility2_npmtest_moment = local;","        } else {","            module.exports = local;","            module.exports.__dirname = __dirname;","            module.exports.module = module;","        }","    }());","}());",""],"l":{"12":2,"14":2,"19":2,"21":2,"23":2,"24":2,"25":2,"30":1,"37":2,"41":2,"43":2,"45":2,"46":1,"48":1,"49":1,"50":1}},"/home/travis/build/npmtest/node-npmtest-moment/example.js":{"path":"/home/travis/build/npmtest/node-npmtest-moment/example.js","s":{"1":2,"2":2,"3":2,"4":2,"5":2,"6":2,"7":2,"8":1,"9":2,"10":2,"11":2,"12":2,"13":1,"14":2,"15":2,"16":2,"17":2,"18":2,"19":0,"20":2,"21":1,"22":1,"23":1,"24":1,"25":1,"26":0,"27":0,"28":1,"29":1,"30":2,"31":0,"32":0,"33":0,"34":1,"35":2,"36":2,"37":2,"38":2,"39":2,"40":2,"41":0,"42":2,"43":2,"44":2,"45":1,"46":3,"47":1,"48":1,"49":1,"50":1,"51":1,"52":1,"53":1,"54":1,"55":1,"56":1,"57":0,"58":1,"59":6,"60":6,"61":1,"62":2,"63":0,"64":2,"65":1,"66":1,"67":0,"68":0,"69":0,"70":0,"71":0,"72":0,"73":0,"74":0,"75":0,"76":0,"77":0,"78":0,"79":0,"80":0,"81":0,"82":0,"83":0},"b":{"1":[2,1,1,1],"2":[1,1,1,1],"3":[1,1],"4":[2,2],"5":[1,1],"6":[1,1],"7":[2,0],"8":[2,1,1,1,1,1],"9":[0,2,0],"10":[1,1],"11":[2,1,1],"12":[1,0],"13":[0,2],"14":[2,0,0,0,0,0,0],"15":[0,2],"16":[2,0],"17":[1,1],"18":[0,1],"19":[1,2,0,2],"20":[1,0],"21":[1,1],"22":[0,0],"23":[0,0],"24":[0,0],"25":[0,0],"26":[0,0],"27":[0,0],"28":[0,0]},"f":{"1":2,"2":2,"3":2,"4":2,"5":2,"6":2,"7":2,"8":2,"9":3,"10":1,"11":6,"12":0},"fnMap":{"1":{"name":"(anonymous_1)","line":26,"loc":{"start":{"line":26,"column":1},"end":{"line":26,"column":13}}},"2":{"name":"(anonymous_2)","line":33,"loc":{"start":{"line":33,"column":5},"end":{"line":33,"column":17}}},"3":{"name":"(anonymous_3)","line":37,"loc":{"start":{"line":37,"column":24},"end":{"line":37,"column":36}}},"4":{"name":"(anonymous_4)","line":69,"loc":{"start":{"line":69,"column":31},"end":{"line":69,"column":48}},"skip":true},"5":{"name":"(anonymous_5)","line":78,"loc":{"start":{"line":78,"column":26},"end":{"line":78,"column":45}},"skip":true},"6":{"name":"(anonymous_6)","line":123,"loc":{"start":{"line":123,"column":33},"end":{"line":123,"column":48}},"skip":true},"7":{"name":"(anonymous_7)","line":125,"loc":{"start":{"line":125,"column":27},"end":{"line":125,"column":39}},"skip":true},"8":{"name":"(anonymous_8)","line":133,"loc":{"start":{"line":133,"column":59},"end":{"line":133,"column":74}},"skip":true},"9":{"name":"(anonymous_9)","line":143,"loc":{"start":{"line":143,"column":45},"end":{"line":143,"column":62}},"skip":true},"10":{"name":"(anonymous_10)","line":144,"loc":{"start":{"line":144,"column":73},"end":{"line":144,"column":92}},"skip":true},"11":{"name":"(anonymous_11)","line":272,"loc":{"start":{"line":272,"column":51},"end":{"line":272,"column":77}},"skip":true},"12":{"name":"(anonymous_12)","line":314,"loc":{"start":{"line":314,"column":32},"end":{"line":314,"column":61}},"skip":true}},"statementMap":{"1":{"start":{"line":26,"column":0},"end":{"line":325,"column":5}},"2":{"start":{"line":28,"column":4},"end":{"line":28,"column":14}},"3":{"start":{"line":33,"column":4},"end":{"line":60,"column":9}},"4":{"start":{"line":35,"column":8},"end":{"line":35,"column":19}},"5":{"start":{"line":37,"column":8},"end":{"line":49,"column":13}},"6":{"start":{"line":38,"column":12},"end":{"line":48,"column":13}},"7":{"start":{"line":39,"column":16},"end":{"line":42,"column":30}},"8":{"start":{"line":44,"column":16},"end":{"line":47,"column":27}},"9":{"start":{"line":51,"column":8},"end":{"line":53,"column":21}},"10":{"start":{"line":55,"column":8},"end":{"line":57,"column":45}},"11":{"start":{"line":59,"column":8},"end":{"line":59,"column":35}},"12":{"start":{"line":61,"column":4},"end":{"line":324,"column":5}},"13":{"start":{"line":69,"column":8},"end":{"line":121,"column":10},"skip":true},"14":{"start":{"line":70,"column":12},"end":{"line":88,"column":13},"skip":true},"15":{"start":{"line":76,"column":16},"end":{"line":87,"column":19},"skip":true},"16":{"start":{"line":79,"column":20},"end":{"line":86,"column":21},"skip":true},"17":{"start":{"line":82,"column":24},"end":{"line":82,"column":43},"skip":true},"18":{"start":{"line":83,"column":24},"end":{"line":83,"column":30},"skip":true},"19":{"start":{"line":85,"column":24},"end":{"line":85,"column":49},"skip":true},"20":{"start":{"line":89,"column":12},"end":{"line":107,"column":13},"skip":true},"21":{"start":{"line":92,"column":16},"end":{"line":102,"column":17},"skip":true},"22":{"start":{"line":93,"column":20},"end":{"line":93,"column":86},"skip":true},"23":{"start":{"line":94,"column":20},"end":{"line":95,"column":45},"skip":true},"24":{"start":{"line":96,"column":20},"end":{"line":96,"column":42},"skip":true},"25":{"start":{"line":97,"column":20},"end":{"line":97,"column":48},"skip":true},"26":{"start":{"line":100,"column":20},"end":{"line":100,"column":85},"skip":true},"27":{"start":{"line":101,"column":20},"end":{"line":101,"column":96},"skip":true},"28":{"start":{"line":103,"column":16},"end":{"line":103,"column":22},"skip":true},"29":{"start":{"line":106,"column":16},"end":{"line":106,"column":22},"skip":true},"30":{"start":{"line":108,"column":12},"end":{"line":120,"column":13},"skip":true},"31":{"start":{"line":114,"column":16},"end":{"line":119,"column":17},"skip":true},"32":{"start":{"line":116,"column":20},"end":{"line":116,"column":78},"skip":true},"33":{"start":{"line":118,"column":20},"end":{"line":118,"column":53},"skip":true},"34":{"start":{"line":123,"column":8},"end":{"line":141,"column":11},"skip":true},"35":{"start":{"line":124,"column":12},"end":{"line":124,"column":54},"skip":true},"36":{"start":{"line":125,"column":12},"end":{"line":140,"column":14},"skip":true},"37":{"start":{"line":126,"column":16},"end":{"line":126,"column":28},"skip":true},"38":{"start":{"line":127,"column":16},"end":{"line":127,"column":69},"skip":true},"39":{"start":{"line":128,"column":16},"end":{"line":128,"column":75},"skip":true},"40":{"start":{"line":129,"column":16},"end":{"line":131,"column":17},"skip":true},"41":{"start":{"line":130,"column":20},"end":{"line":130,"column":27},"skip":true},"42":{"start":{"line":133,"column":16},"end":{"line":137,"column":36},"skip":true},"43":{"start":{"line":134,"column":20},"end":{"line":136,"column":55},"skip":true},"44":{"start":{"line":139,"column":16},"end":{"line":139,"column":57},"skip":true},"45":{"start":{"line":143,"column":8},"end":{"line":147,"column":11},"skip":true},"46":{"start":{"line":144,"column":12},"end":{"line":146,"column":15},"skip":true},"47":{"start":{"line":145,"column":16},"end":{"line":145,"column":70},"skip":true},"48":{"start":{"line":149,"column":8},"end":{"line":149,"column":31},"skip":true},"49":{"start":{"line":150,"column":8},"end":{"line":150,"column":14},"skip":true},"50":{"start":{"line":158,"column":8},"end":{"line":158,"column":31},"skip":true},"51":{"start":{"line":160,"column":8},"end":{"line":160,"column":33},"skip":true},"52":{"start":{"line":161,"column":8},"end":{"line":161,"column":37},"skip":true},"53":{"start":{"line":162,"column":8},"end":{"line":162,"column":35},"skip":true},"54":{"start":{"line":164,"column":8},"end":{"line":164,"column":50},"skip":true},"55":{"start":{"line":166,"column":8},"end":{"line":256,"column":2},"skip":true},"56":{"start":{"line":258,"column":8},"end":{"line":286,"column":9},"skip":true},"57":{"start":{"line":259,"column":12},"end":{"line":269,"column":14},"skip":true},"58":{"start":{"line":271,"column":12},"end":{"line":285,"column":19},"skip":true},"59":{"start":{"line":274,"column":20},"end":{"line":274,"column":35},"skip":true},"60":{"start":{"line":275,"column":20},"end":{"line":284,"column":21},"skip":true},"61":{"start":{"line":277,"column":24},"end":{"line":277,"column":64},"skip":true},"62":{"start":{"line":279,"column":24},"end":{"line":279,"column":40},"skip":true},"63":{"start":{"line":281,"column":24},"end":{"line":281,"column":40},"skip":true},"64":{"start":{"line":283,"column":24},"end":{"line":283,"column":39},"skip":true},"65":{"start":{"line":288,"column":8},"end":{"line":290,"column":9},"skip":true},"66":{"start":{"line":289,"column":12},"end":{"line":289,"column":18},"skip":true},"67":{"start":{"line":291,"column":8},"end":{"line":293,"column":54},"skip":true},"68":{"start":{"line":294,"column":8},"end":{"line":301,"column":37},"skip":true},"69":{"start":{"line":302,"column":8},"end":{"line":302,"column":82},"skip":true},"70":{"start":{"line":305,"column":8},"end":{"line":307,"column":9},"skip":true},"71":{"start":{"line":306,"column":12},"end":{"line":306,"column":82},"skip":true},"72":{"start":{"line":309,"column":8},"end":{"line":311,"column":9},"skip":true},"73":{"start":{"line":310,"column":12},"end":{"line":310,"column":18},"skip":true},"74":{"start":{"line":312,"column":8},"end":{"line":312,"column":54},"skip":true},"75":{"start":{"line":313,"column":8},"end":{"line":313,"column":69},"skip":true},"76":{"start":{"line":314,"column":8},"end":{"line":322,"column":36},"skip":true},"77":{"start":{"line":315,"column":12},"end":{"line":315,"column":61},"skip":true},"78":{"start":{"line":316,"column":12},"end":{"line":319,"column":13},"skip":true},"79":{"start":{"line":317,"column":16},"end":{"line":317,"column":75},"skip":true},"80":{"start":{"line":318,"column":16},"end":{"line":318,"column":23},"skip":true},"81":{"start":{"line":320,"column":12},"end":{"line":320,"column":38},"skip":true},"82":{"start":{"line":321,"column":12},"end":{"line":321,"column":27},"skip":true},"83":{"start":{"line":323,"column":8},"end":{"line":323,"column":14},"skip":true}},"branchMap":{"1":{"line":39,"type":"binary-expr","locations":[{"start":{"line":39,"column":23},"end":{"line":39,"column":62}},{"start":{"line":40,"column":20},"end":{"line":40,"column":70}},{"start":{"line":41,"column":20},"end":{"line":41,"column":71}},{"start":{"line":42,"column":20},"end":{"line":42,"column":29}}]},"2":{"line":44,"type":"binary-expr","locations":[{"start":{"line":44,"column":23},"end":{"line":44,"column":37}},{"start":{"line":45,"column":20},"end":{"line":45,"column":61}},{"start":{"line":46,"column":20},"end":{"line":46,"column":70}},{"start":{"line":47,"column":20},"end":{"line":47,"column":26}}]},"3":{"line":51,"type":"cond-expr","locations":[{"start":{"line":52,"column":14},"end":{"line":52,"column":20}},{"start":{"line":53,"column":14},"end":{"line":53,"column":20}}]},"4":{"line":55,"type":"binary-expr","locations":[{"start":{"line":55,"column":16},"end":{"line":55,"column":44}},{"start":{"line":55,"column":49},"end":{"line":57,"column":43}}]},"5":{"line":55,"type":"cond-expr","locations":[{"start":{"line":56,"column":14},"end":{"line":56,"column":50}},{"start":{"line":57,"column":14},"end":{"line":57,"column":43}}]},"6":{"line":61,"type":"switch","locations":[{"start":{"line":68,"column":4},"end":{"line":150,"column":14},"skip":true},{"start":{"line":156,"column":4},"end":{"line":323,"column":14},"skip":true}]},"7":{"line":70,"type":"if","locations":[{"start":{"line":70,"column":12},"end":{"line":70,"column":12},"skip":true},{"start":{"line":70,"column":12},"end":{"line":70,"column":12},"skip":true}]},"8":{"line":70,"type":"binary-expr","locations":[{"start":{"line":70,"column":16},"end":{"line":70,"column":22},"skip":true},{"start":{"line":70,"column":27},"end":{"line":70,"column":32},"skip":true},{"start":{"line":71,"column":20},"end":{"line":71,"column":39},"skip":true},{"start":{"line":72,"column":20},"end":{"line":72,"column":49},"skip":true},{"start":{"line":73,"column":20},"end":{"line":73,"column":58},"skip":true},{"start":{"line":74,"column":20},"end":{"line":74,"column":69},"skip":true}]},"9":{"line":79,"type":"switch","locations":[{"start":{"line":80,"column":20},"end":{"line":80,"column":33},"skip":true},{"start":{"line":81,"column":20},"end":{"line":83,"column":30},"skip":true},{"start":{"line":84,"column":20},"end":{"line":85,"column":49},"skip":true}]},"10":{"line":89,"type":"switch","locations":[{"start":{"line":90,"column":12},"end":{"line":103,"column":22},"skip":true},{"start":{"line":105,"column":12},"end":{"line":106,"column":22},"skip":true}]},"11":{"line":89,"type":"binary-expr","locations":[{"start":{"line":89,"column":20},"end":{"line":89,"column":25},"skip":true},{"start":{"line":89,"column":29},"end":{"line":89,"column":48},"skip":true},{"start":{"line":89,"column":52},"end":{"line":89,"column":74},"skip":true}]},"12":{"line":92,"type":"if","locations":[{"start":{"line":92,"column":16},"end":{"line":92,"column":16},"skip":true},{"start":{"line":92,"column":16},"end":{"line":92,"column":16},"skip":true}]},"13":{"line":108,"type":"if","locations":[{"start":{"line":108,"column":12},"end":{"line":108,"column":12},"skip":true},{"start":{"line":108,"column":12},"end":{"line":108,"column":12},"skip":true}]},"14":{"line":108,"type":"binary-expr","locations":[{"start":{"line":108,"column":16},"end":{"line":108,"column":61},"skip":true},{"start":{"line":108,"column":66},"end":{"line":108,"column":72},"skip":true},{"start":{"line":108,"column":77},"end":{"line":108,"column":82},"skip":true},{"start":{"line":109,"column":20},"end":{"line":109,"column":39},"skip":true},{"start":{"line":110,"column":20},"end":{"line":110,"column":49},"skip":true},{"start":{"line":111,"column":20},"end":{"line":111,"column":58},"skip":true},{"start":{"line":112,"column":20},"end":{"line":112,"column":68},"skip":true}]},"15":{"line":129,"type":"if","locations":[{"start":{"line":129,"column":16},"end":{"line":129,"column":16},"skip":true},{"start":{"line":129,"column":16},"end":{"line":129,"column":16},"skip":true}]},"16":{"line":134,"type":"cond-expr","locations":[{"start":{"line":135,"column":26},"end":{"line":135,"column":29},"skip":true},{"start":{"line":136,"column":26},"end":{"line":136,"column":54},"skip":true}]},"17":{"line":164,"type":"binary-expr","locations":[{"start":{"line":164,"column":27},"end":{"line":164,"column":43},"skip":true},{"start":{"line":164,"column":47},"end":{"line":164,"column":49},"skip":true}]},"18":{"line":258,"type":"if","locations":[{"start":{"line":258,"column":8},"end":{"line":258,"column":8},"skip":true},{"start":{"line":258,"column":8},"end":{"line":258,"column":8},"skip":true}]},"19":{"line":275,"type":"switch","locations":[{"start":{"line":276,"column":20},"end":{"line":277,"column":64},"skip":true},{"start":{"line":278,"column":20},"end":{"line":279,"column":40},"skip":true},{"start":{"line":280,"column":20},"end":{"line":281,"column":40},"skip":true},{"start":{"line":282,"column":20},"end":{"line":283,"column":39},"skip":true}]},"20":{"line":288,"type":"if","locations":[{"start":{"line":288,"column":8},"end":{"line":288,"column":8},"skip":true},{"start":{"line":288,"column":8},"end":{"line":288,"column":8},"skip":true}]},"21":{"line":288,"type":"binary-expr","locations":[{"start":{"line":288,"column":12},"end":{"line":288,"column":40},"skip":true},{"start":{"line":288,"column":44},"end":{"line":288,"column":67},"skip":true}]},"22":{"line":292,"type":"binary-expr","locations":[{"start":{"line":292,"column":12},"end":{"line":292,"column":50},"skip":true},{"start":{"line":293,"column":12},"end":{"line":293,"column":53},"skip":true}]},"23":{"line":295,"type":"binary-expr","locations":[{"start":{"line":295,"column":12},"end":{"line":295,"column":64},"skip":true},{"start":{"line":296,"column":12},"end":{"line":301,"column":36},"skip":true}]},"24":{"line":302,"type":"binary-expr","locations":[{"start":{"line":302,"column":43},"end":{"line":302,"column":75},"skip":true},{"start":{"line":302,"column":79},"end":{"line":302,"column":81},"skip":true}]},"25":{"line":305,"type":"if","locations":[{"start":{"line":305,"column":8},"end":{"line":305,"column":8},"skip":true},{"start":{"line":305,"column":8},"end":{"line":305,"column":8},"skip":true}]},"26":{"line":309,"type":"if","locations":[{"start":{"line":309,"column":8},"end":{"line":309,"column":8},"skip":true},{"start":{"line":309,"column":8},"end":{"line":309,"column":8},"skip":true}]},"27":{"line":312,"type":"binary-expr","locations":[{"start":{"line":312,"column":27},"end":{"line":312,"column":43},"skip":true},{"start":{"line":312,"column":47},"end":{"line":312,"column":53},"skip":true}]},"28":{"line":316,"type":"if","locations":[{"start":{"line":316,"column":12},"end":{"line":316,"column":12},"skip":true},{"start":{"line":316,"column":12},"end":{"line":316,"column":12},"skip":true}]}},"code":["/*","example.js","","quickstart example","","instruction","    1. save this script as example.js","    2. run the shell command:","        $ npm install npmtest-moment && PORT=8081 node example.js","    3. play with the browser-demo on http://127.0.0.1:8081","*/","","","","/* istanbul instrument in package npmtest_moment */","/*jslint","    bitwise: true,","    browser: true,","    maxerr: 8,","    maxlen: 96,","    node: true,","    nomen: true,","    regexp: true,","    stupid: true","*/","(function () {","    'use strict';","    var local;","","","","    // run shared js-env code - pre-init","    (function () {","        // init local","        local = {};","        // init modeJs","        local.modeJs = (function () {","            try {","                return typeof navigator.userAgent === 'string' &&","                    typeof document.querySelector('body') === 'object' &&","                    typeof XMLHttpRequest.prototype.open === 'function' &&","                    'browser';","            } catch (errorCaughtBrowser) {","                return module.exports &&","                    typeof process.versions.node === 'string' &&","                    typeof require('http').createServer === 'function' &&","                    'node';","            }","        }());","        // init global","        local.global = local.modeJs === 'browser'","            ? window","            : global;","        // init utility2_rollup","        local = local.global.utility2_rollup || (local.modeJs === 'browser'","            ? local.global.utility2_npmtest_moment","            : global.utility2_moduleExports);","        // export local","        local.global.local = local;","    }());","    switch (local.modeJs) {","","","","    // post-init","    // run browser js-env code - post-init","    /* istanbul ignore next */","    case 'browser':","        local.testRunBrowser = function (event) {","            if (!event || (event &&","                    event.currentTarget &&","                    event.currentTarget.className &&","                    event.currentTarget.className.includes &&","                    event.currentTarget.className.includes('onreset'))) {","                // reset output","                Array.from(","                    document.querySelectorAll('body > .resettable')","                ).forEach(function (element) {","                    switch (element.tagName) {","                    case 'INPUT':","                    case 'TEXTAREA':","                        element.value = '';","                        break;","                    default:","                        element.textContent = '';","                    }","                });","            }","            switch (event && event.currentTarget && event.currentTarget.id) {","            case 'testRunButton1':","                // show tests","                if (document.querySelector('#testReportDiv1').style.display === 'none') {","                    document.querySelector('#testReportDiv1').style.display = 'block';","                    document.querySelector('#testRunButton1').textContent =","                        'hide internal test';","                    local.modeTest = true;","                    local.testRunDefault(local);","                // hide tests","                } else {","                    document.querySelector('#testReportDiv1').style.display = 'none';","                    document.querySelector('#testRunButton1').textContent = 'run internal test';","                }","                break;","            // custom-case","            default:","                break;","            }","            if (document.querySelector('#inputTextareaEval1') && (!event || (event &&","                    event.currentTarget &&","                    event.currentTarget.className &&","                    event.currentTarget.className.includes &&","                    event.currentTarget.className.includes('oneval')))) {","                // try to eval input-code","                try {","                    /*jslint evil: true*/","                    eval(document.querySelector('#inputTextareaEval1').value);","                } catch (errorCaught) {","                    console.error(errorCaught.stack);","                }","            }","        };","        // log stderr and stdout to #outputTextareaStdout1","        ['error', 'log'].forEach(function (key) {","            console[key + '_original'] = console[key];","            console[key] = function () {","                var element;","                console[key + '_original'].apply(console, arguments);","                element = document.querySelector('#outputTextareaStdout1');","                if (!element) {","                    return;","                }","                // append text to #outputTextareaStdout1","                element.value += Array.from(arguments).map(function (arg) {","                    return typeof arg === 'string'","                        ? arg","                        : JSON.stringify(arg, null, 4);","                }).join(' ') + '\\n';","                // scroll textarea to bottom","                element.scrollTop = element.scrollHeight;","            };","        });","        // init event-handling","        ['change', 'click', 'keyup'].forEach(function (event) {","            Array.from(document.querySelectorAll('.on' + event)).forEach(function (element) {","                element.addEventListener(event, local.testRunBrowser);","            });","        });","        // run tests","        local.testRunBrowser();","        break;","","","","    // run node js-env code - post-init","    /* istanbul ignore next */","    case 'node':","        // export local","        module.exports = local;","        // require modules","        local.fs = require('fs');","        local.http = require('http');","        local.url = require('url');","        // init assets","        local.assetsDict = local.assetsDict || {};","        /* jslint-ignore-begin */","        local.assetsDict['/assets.index.template.html'] = '\\","<!doctype html>\\n\\","<html lang=\"en\">\\n\\","<head>\\n\\","<meta charset=\"UTF-8\">\\n\\","<meta name=\"viewport\" content=\"width=device-width, initial-scale=1\">\\n\\","<title>{{env.npm_package_name}} (v{{env.npm_package_version}})</title>\\n\\","<style>\\n\\","/*csslint\\n\\","    box-sizing: false,\\n\\","    universal-selector: false\\n\\","*/\\n\\","* {\\n\\","    box-sizing: border-box;\\n\\","}\\n\\","body {\\n\\","    background: #dde;\\n\\","    font-family: Arial, Helvetica, sans-serif;\\n\\","    margin: 2rem;\\n\\","}\\n\\","body > * {\\n\\","    margin-bottom: 1rem;\\n\\","}\\n\\",".utility2FooterDiv {\\n\\","    margin-top: 20px;\\n\\","    text-align: center;\\n\\","}\\n\\","</style>\\n\\","<style>\\n\\","/*csslint\\n\\","*/\\n\\","textarea {\\n\\","    font-family: monospace;\\n\\","    height: 10rem;\\n\\","    width: 100%;\\n\\","}\\n\\","textarea[readonly] {\\n\\","    background: #ddd;\\n\\","}\\n\\","</style>\\n\\","</head>\\n\\","<body>\\n\\","<!-- utility2-comment\\n\\","<div id=\"ajaxProgressDiv1\" style=\"background: #d00; height: 2px; left: 0; margin: 0; padding: 0; position: fixed; top: 0; transition: background 0.5s, width 1.5s; width: 25%;\"></div>\\n\\","utility2-comment -->\\n\\","<h1>\\n\\","<!-- utility2-comment\\n\\","    <a\\n\\","        {{#if env.npm_package_homepage}}\\n\\","        href=\"{{env.npm_package_homepage}}\"\\n\\","        {{/if env.npm_package_homepage}}\\n\\","        target=\"_blank\"\\n\\","    >\\n\\","utility2-comment -->\\n\\","        {{env.npm_package_name}} (v{{env.npm_package_version}})\\n\\","<!-- utility2-comment\\n\\","    </a>\\n\\","utility2-comment -->\\n\\","</h1>\\n\\","<h3>{{env.npm_package_description}}</h3>\\n\\","<!-- utility2-comment\\n\\","<h4><a download href=\"assets.app.js\">download standalone app</a></h4>\\n\\","<button class=\"onclick onreset\" id=\"testRunButton1\">run internal test</button><br>\\n\\","<div id=\"testReportDiv1\" style=\"display: none;\"></div>\\n\\","utility2-comment -->\\n\\","\\n\\","\\n\\","\\n\\","<label>stderr and stdout</label>\\n\\","<textarea class=\"resettable\" id=\"outputTextareaStdout1\" readonly></textarea>\\n\\","<!-- utility2-comment\\n\\","{{#if isRollup}}\\n\\","<script src=\"assets.app.js\"></script>\\n\\","{{#unless isRollup}}\\n\\","utility2-comment -->\\n\\","<script src=\"assets.utility2.rollup.js\"></script>\\n\\","<script src=\"jsonp.utility2._stateInit?callback=window.utility2._stateInit\"></script>\\n\\","<script src=\"assets.npmtest_moment.rollup.js\"></script>\\n\\","<script src=\"assets.example.js\"></script>\\n\\","<script src=\"assets.test.js\"></script>\\n\\","<!-- utility2-comment\\n\\","{{/if isRollup}}\\n\\","utility2-comment -->\\n\\","<div class=\"utility2FooterDiv\">\\n\\","    [ this app was created with\\n\\","    <a href=\"https://github.com/kaizhu256/node-utility2\" target=\"_blank\">utility2</a>\\n\\","    ]\\n\\","</div>\\n\\","</body>\\n\\","</html>\\n\\","';","        /* jslint-ignore-end */","        if (local.templateRender) {","            local.assetsDict['/'] = local.templateRender(","                local.assetsDict['/assets.index.template.html'],","                {","                    env: local.objectSetDefault(local.env, {","                        npm_package_description: 'the greatest app in the world!',","                        npm_package_name: 'my-app',","                        npm_package_nameAlias: 'my_app',","                        npm_package_version: '0.0.1'","                    })","                }","            );","        } else {","            local.assetsDict['/'] = local.assetsDict['/assets.index.template.html']","                .replace((/\\{\\{env\\.(\\w+?)\\}\\}/g), function (match0, match1) {","                    // jslint-hack","                    String(match0);","                    switch (match1) {","                    case 'npm_package_description':","                        return 'the greatest app in the world!';","                    case 'npm_package_name':","                        return 'my-app';","                    case 'npm_package_nameAlias':","                        return 'my_app';","                    case 'npm_package_version':","                        return '0.0.1';","                    }","                });","        }","        // run the cli","        if (local.global.utility2_rollup || module !== require.main) {","            break;","        }","        local.assetsDict['/assets.example.js'] =","            local.assetsDict['/assets.example.js'] ||","            local.fs.readFileSync(__filename, 'utf8');","        local.assetsDict['/assets.npmtest_moment.rollup.js'] =","            local.assetsDict['/assets.npmtest_moment.rollup.js'] ||","            local.fs.readFileSync(","                // buildCustomOrg-hack","                local.npmtest_moment.__dirname +","                    '/lib.npmtest_moment.js',","                'utf8'","            ).replace((/^#!/), '//');","        local.assetsDict['/favicon.ico'] = local.assetsDict['/favicon.ico'] || '';","        // if $npm_config_timeout_exit exists,","        // then exit this process after $npm_config_timeout_exit ms","        if (Number(process.env.npm_config_timeout_exit)) {","            setTimeout(process.exit, Number(process.env.npm_config_timeout_exit));","        }","        // start server","        if (local.global.utility2_serverHttp1) {","            break;","        }","        process.env.PORT = process.env.PORT || '8081';","        console.error('server starting on port ' + process.env.PORT);","        local.http.createServer(function (request, response) {","            request.urlParsed = local.url.parse(request.url);","            if (local.assetsDict[request.urlParsed.pathname] !== undefined) {","                response.end(local.assetsDict[request.urlParsed.pathname]);","                return;","            }","            response.statusCode = 404;","            response.end();","        }).listen(process.env.PORT);","        break;","    }","}());",""],"l":{"26":2,"28":2,"33":2,"35":2,"37":2,"38":2,"39":2,"44":1,"51":2,"55":2,"59":2,"61":2,"69":1,"70":2,"76":2,"79":2,"82":2,"83":2,"85":1,"89":2,"92":1,"93":1,"94":1,"96":1,"97":1,"100":1,"101":1,"103":1,"106":1,"108":2,"114":1,"116":1,"118":1,"123":1,"124":2,"125":2,"126":2,"127":2,"128":2,"129":2,"130":1,"133":2,"134":2,"139":2,"143":1,"144":3,"145":1,"149":1,"150":1,"158":1,"160":1,"161":1,"162":1,"164":1,"166":1,"258":1,"259":1,"271":1,"274":6,"275":6,"277":1,"279":2,"281":1,"283":2,"288":1,"289":1,"291":1,"294":1,"302":1,"305":1,"306":1,"309":1,"310":1,"312":1,"313":1,"314":1,"315":1,"316":1,"317":1,"318":1,"320":1,"321":1,"323":1}},"/home/travis/build/npmtest/node-npmtest-moment/moment/moment.js":{"path":"/home/travis/build/npmtest/node-npmtest-moment/moment/moment.js","s":{"1":1,"2":1,"3":1,"4":1,"5":0,"6":1,"7":1,"8":1,"9":1,"10":1,"11":14,"12":1,"13":0,"14":0,"15":0,"16":0,"17":1,"18":2,"19":1,"20":37,"21":1,"22":0,"23":1,"24":0,"25":0,"26":0,"27":0,"28":1,"29":104,"30":1,"31":17,"32":41,"33":41,"34":17,"35":0,"36":17,"37":0,"38":17,"39":1,"40":0,"41":1,"42":0,"43":1,"44":0,"45":0,"46":0,"47":1,"48":1,"49":1,"50":0,"51":0,"52":0,"53":0,"54":0,"55":0,"56":0,"57":1,"58":1,"59":0,"60":0,"61":0,"62":0,"63":0,"64":0,"65":0,"66":0,"67":0,"68":0,"69":0,"70":1,"71":0,"72":0,"73":0,"74":0,"75":0,"76":1,"77":1,"78":0,"79":0,"80":0,"81":0,"82":0,"83":0,"84":0,"85":0,"86":0,"87":0,"88":0,"89":0,"90":0,"91":0,"92":0,"93":0,"94":0,"95":0,"96":0,"97":0,"98":0,"99":0,"100":0,"101":0,"102":0,"103":0,"104":0,"105":0,"106":1,"107":1,"108":0,"109":0,"110":0,"111":0,"112":0,"113":0,"114":0,"115":0,"116":1,"117":0,"118":1,"119":0,"120":0,"121":0,"122":1,"123":0,"124":0,"125":0,"126":0,"127":1,"128":0,"129":0,"130":0,"131":0,"132":0,"133":1,"134":0,"135":0,"136":1,"137":12,"138":12,"139":0,"140":0,"141":0,"142":0,"143":0,"144":0,"145":0,"146":0,"147":0,"148":0,"149":0,"150":0,"151":0,"152":0,"153":0,"154":0,"155":0,"156":1,"157":1,"158":0,"159":0,"160":0,"161":0,"162":0,"163":1,"164":1,"165":1,"166":76,"167":1,"168":1,"169":1,"170":14,"171":14,"172":1,"173":13,"174":1,"175":1,"176":1,"177":1,"178":1,"179":3,"180":3,"181":0,"182":0,"183":0,"184":3,"185":3,"186":0,"187":1,"188":13,"189":4,"190":1,"191":1,"192":1,"193":1,"194":1,"195":1,"196":1,"197":0,"198":0,"199":0,"200":0,"201":0,"202":0,"203":1,"204":1,"205":1,"206":0,"207":0,"208":1,"209":1,"210":0,"211":0,"212":0,"213":0,"214":0,"215":0,"216":1,"217":1,"218":0,"219":1,"220":1,"221":1,"222":0,"223":1,"224":1,"225":0,"226":0,"227":1,"228":0,"229":0,"230":1,"231":1,"232":16,"233":16,"234":1,"235":0,"236":1,"237":0,"238":0,"239":0,"240":0,"241":0,"242":0,"243":0,"244":1,"245":1,"246":16,"247":1,"248":0,"249":0,"250":0,"251":0,"252":0,"253":0,"254":1,"255":6,"256":0,"257":0,"258":0,"259":0,"260":0,"261":1,"262":0,"263":1,"264":0,"265":0,"266":1,"267":0,"268":0,"269":0,"270":0,"271":1,"272":0,"273":0,"274":0,"275":0,"276":0,"277":0,"278":0,"279":0,"280":0,"281":1,"282":0,"283":0,"284":1,"285":1,"286":1,"287":1,"288":1,"289":51,"290":51,"291":23,"292":0,"293":51,"294":33,"295":51,"296":28,"297":0,"298":51,"299":7,"300":0,"301":1,"302":0,"303":0,"304":0,"305":1,"306":0,"307":0,"308":0,"309":0,"310":0,"311":0,"312":0,"313":0,"314":0,"315":0,"316":1,"317":0,"318":0,"319":0,"320":0,"321":0,"322":1,"323":0,"324":1,"325":0,"326":0,"327":0,"328":0,"329":0,"330":0,"331":0,"332":1,"333":1,"334":1,"335":1,"336":1,"337":1,"338":1,"339":1,"340":1,"341":1,"342":1,"343":1,"344":1,"345":1,"346":1,"347":1,"348":1,"349":1,"350":1,"351":62,"352":0,"353":1,"354":0,"355":0,"356":0,"357":1,"358":0,"359":0,"360":1,"361":0,"362":1,"363":1,"364":37,"365":37,"366":20,"367":37,"368":5,"369":0,"370":37,"371":60,"372":1,"373":5,"374":0,"375":0,"376":1,"377":0,"378":0,"379":1,"380":1,"381":1,"382":1,"383":1,"384":1,"385":1,"386":1,"387":1,"388":1,"389":1,"390":1,"391":0,"392":0,"393":0,"394":0,"395":0,"396":0,"397":1,"398":1,"399":0,"400":1,"401":0,"402":1,"403":0,"404":1,"405":0,"406":1,"407":1,"408":1,"409":1,"410":1,"411":0,"412":1,"413":0,"414":1,"415":0,"416":1,"417":0,"418":0,"419":0,"420":0,"421":1,"422":1,"423":1,"424":0,"425":0,"426":0,"427":1,"428":1,"429":0,"430":0,"431":0,"432":1,"433":0,"434":0,"435":0,"436":0,"437":0,"438":0,"439":0,"440":0,"441":0,"442":0,"443":0,"444":0,"445":0,"446":0,"447":0,"448":0,"449":0,"450":0,"451":0,"452":0,"453":0,"454":0,"455":0,"456":0,"457":0,"458":0,"459":1,"460":0,"461":0,"462":0,"463":0,"464":0,"465":0,"466":0,"467":0,"468":0,"469":0,"470":0,"471":0,"472":0,"473":0,"474":0,"475":0,"476":0,"477":0,"478":0,"479":0,"480":0,"481":1,"482":0,"483":0,"484":0,"485":0,"486":0,"487":0,"488":0,"489":0,"490":0,"491":0,"492":0,"493":0,"494":1,"495":0,"496":0,"497":0,"498":0,"499":0,"500":1,"501":0,"502":1,"503":1,"504":0,"505":0,"506":0,"507":0,"508":0,"509":0,"510":0,"511":0,"512":0,"513":1,"514":1,"515":0,"516":0,"517":0,"518":0,"519":0,"520":0,"521":0,"522":0,"523":0,"524":1,"525":1,"526":0,"527":0,"528":0,"529":0,"530":0,"531":0,"532":0,"533":0,"534":0,"535":0,"536":0,"537":0,"538":0,"539":0,"540":0,"541":0,"542":0,"543":0,"544":0,"545":0,"546":1,"547":0,"548":0,"549":1,"550":0,"551":1,"552":1,"553":1,"554":1,"555":1,"556":1,"557":1,"558":1,"559":1,"560":1,"561":1,"562":1,"563":0,"564":1,"565":0,"566":1,"567":0,"568":1,"569":0,"570":1,"571":0,"572":1,"573":0,"574":1,"575":1,"576":0,"577":1,"578":0,"579":0,"580":0,"581":0,"582":1,"583":0,"584":0,"585":0,"586":0,"587":1,"588":0,"589":0,"590":1,"591":0,"592":0,"593":0,"594":0,"595":0,"596":0,"597":0,"598":0,"599":0,"600":0,"601":1,"602":0,"603":0,"604":0,"605":0,"606":0,"607":0,"608":0,"609":0,"610":0,"611":0,"612":1,"613":0,"614":0,"615":1,"616":1,"617":1,"618":1,"619":1,"620":1,"621":1,"622":1,"623":1,"624":1,"625":1,"626":0,"627":1,"628":0,"629":1,"630":1,"631":0,"632":1,"633":0,"634":1,"635":0,"636":0,"637":1,"638":0,"639":0,"640":1,"641":1,"642":0,"643":1,"644":0,"645":1,"646":0,"647":1,"648":1,"649":1,"650":1,"651":1,"652":1,"653":1,"654":1,"655":1,"656":1,"657":1,"658":1,"659":0,"660":1,"661":0,"662":1,"663":0,"664":1,"665":0,"666":0,"667":0,"668":0,"669":1,"670":0,"671":1,"672":0,"673":0,"674":0,"675":0,"676":0,"677":0,"678":0,"679":0,"680":1,"681":0,"682":0,"683":0,"684":1,"685":1,"686":0,"687":0,"688":0,"689":1,"690":1,"691":0,"692":1,"693":1,"694":0,"695":1,"696":0,"697":0,"698":0,"699":0,"700":0,"701":0,"702":0,"703":0,"704":0,"705":0,"706":0,"707":0,"708":0,"709":0,"710":0,"711":0,"712":0,"713":0,"714":0,"715":0,"716":0,"717":0,"718":0,"719":0,"720":0,"721":0,"722":0,"723":0,"724":0,"725":0,"726":0,"727":0,"728":0,"729":0,"730":0,"731":0,"732":0,"733":0,"734":0,"735":0,"736":0,"737":0,"738":0,"739":0,"740":0,"741":1,"742":0,"743":0,"744":0,"745":0,"746":0,"747":0,"748":0,"749":0,"750":0,"751":0,"752":0,"753":0,"754":0,"755":0,"756":0,"757":0,"758":0,"759":0,"760":0,"761":0,"762":0,"763":0,"764":0,"765":0,"766":0,"767":1,"768":0,"769":0,"770":0,"771":0,"772":0,"773":0,"774":0,"775":1,"776":0,"777":0,"778":0,"779":0,"780":1,"781":0,"782":0,"783":0,"784":0,"785":0,"786":0,"787":1,"788":1,"789":0,"790":0,"791":0,"792":0,"793":0,"794":0,"795":0,"796":0,"797":0,"798":1,"799":1,"800":0,"801":0,"802":0,"803":0,"804":0,"805":0,"806":0,"807":0,"808":0,"809":1,"810":1,"811":0,"812":0,"813":0,"814":0,"815":0,"816":0,"817":0,"818":0,"819":0,"820":1,"821":1,"822":0,"823":0,"824":0,"825":0,"826":0,"827":0,"828":0,"829":0,"830":0,"831":0,"832":0,"833":0,"834":0,"835":0,"836":0,"837":0,"838":0,"839":0,"840":0,"841":0,"842":0,"843":0,"844":0,"845":0,"846":0,"847":0,"848":0,"849":1,"850":0,"851":1,"852":0,"853":1,"854":1,"855":1,"856":1,"857":0,"858":1,"859":0,"860":1,"861":0,"862":1,"863":0,"864":1,"865":2,"866":0,"867":1,"868":1,"869":1,"870":1,"871":1,"872":0,"873":1,"874":1,"875":1,"876":1,"877":1,"878":1,"879":1,"880":1,"881":1,"882":1,"883":1,"884":1,"885":1,"886":1,"887":0,"888":0,"889":1,"890":0,"891":0,"892":1,"893":0,"894":0,"895":1,"896":0,"897":0,"898":0,"899":0,"900":1,"901":0,"902":0,"903":0,"904":0,"905":0,"906":0,"907":1,"908":0,"909":0,"910":0,"911":1,"912":0,"913":0,"914":0,"915":0,"916":0,"917":1,"918":0,"919":1,"920":1,"921":0,"922":0,"923":0,"924":1,"925":1,"926":1,"927":1,"928":1,"929":1,"930":0,"931":1,"932":0,"933":0,"934":0,"935":0,"936":0,"937":0,"938":0,"939":0,"940":0,"941":0,"942":0,"943":0,"944":0,"945":0,"946":0,"947":1,"948":1,"949":1,"950":0,"951":0,"952":0,"953":0,"954":1,"955":1,"956":2,"957":2,"958":2,"959":1,"960":1,"961":2,"962":2,"963":2,"964":1,"965":1,"966":1,"967":1,"968":1,"969":0,"970":0,"971":1,"972":0,"973":0,"974":0,"975":0,"976":0,"977":0,"978":1,"979":1,"980":0,"981":0,"982":1,"983":1,"984":0,"985":0,"986":1,"987":0,"988":0,"989":0,"990":0,"991":0,"992":0,"993":0,"994":0,"995":0,"996":0,"997":0,"998":0,"999":0,"1000":0,"1001":0,"1002":1,"1003":1,"1004":1,"1005":0,"1006":1,"1007":0,"1008":1,"1009":1,"1010":1,"1011":1,"1012":0,"1013":0,"1014":1,"1015":0,"1016":1,"1017":0,"1018":0,"1019":0,"1020":0,"1021":0,"1022":0,"1023":0,"1024":0,"1025":0,"1026":0,"1027":0,"1028":0,"1029":1,"1030":1,"1031":1,"1032":1,"1033":1,"1034":1,"1035":1,"1036":0,"1037":0,"1038":0,"1039":0,"1040":0,"1041":0,"1042":0,"1043":0,"1044":0,"1045":0,"1046":0,"1047":0,"1048":0,"1049":0,"1050":0,"1051":0,"1052":0,"1053":0,"1054":0,"1055":0,"1056":0,"1057":0,"1058":0,"1059":0,"1060":0,"1061":0,"1062":0,"1063":0,"1064":0,"1065":0,"1066":1,"1067":1,"1068":0,"1069":0,"1070":0,"1071":0,"1072":0,"1073":0,"1074":0,"1075":0,"1076":0,"1077":0,"1078":0,"1079":0,"1080":0,"1081":0,"1082":0,"1083":0,"1084":0,"1085":0,"1086":0,"1087":0,"1088":0,"1089":0,"1090":0,"1091":0,"1092":0,"1093":0,"1094":0,"1095":0,"1096":0,"1097":0,"1098":0,"1099":0,"1100":0,"1101":1,"1102":0,"1103":0,"1104":0,"1105":0,"1106":0,"1107":0,"1108":0,"1109":0,"1110":0,"1111":0,"1112":0,"1113":0,"1114":0,"1115":1,"1116":0,"1117":1,"1118":0,"1119":0,"1120":0,"1121":0,"1122":0,"1123":1,"1124":0,"1125":0,"1126":0,"1127":0,"1128":1,"1129":0,"1130":0,"1131":0,"1132":0,"1133":0,"1134":0,"1135":0,"1136":0,"1137":0,"1138":0,"1139":0,"1140":0,"1141":0,"1142":0,"1143":0,"1144":0,"1145":0,"1146":0,"1147":0,"1148":0,"1149":0,"1150":0,"1151":0,"1152":0,"1153":0,"1154":1,"1155":0,"1156":0,"1157":0,"1158":0,"1159":0,"1160":0,"1161":0,"1162":0,"1163":0,"1164":0,"1165":0,"1166":0,"1167":0,"1168":0,"1169":0,"1170":0,"1171":0,"1172":0,"1173":0,"1174":0,"1175":0,"1176":0,"1177":0,"1178":0,"1179":0,"1180":0,"1181":0,"1182":0,"1183":0,"1184":0,"1185":0,"1186":1,"1187":1,"1188":1,"1189":0,"1190":0,"1191":0,"1192":0,"1193":0,"1194":0,"1195":0,"1196":0,"1197":0,"1198":0,"1199":0,"1200":0,"1201":0,"1202":0,"1203":0,"1204":0,"1205":0,"1206":0,"1207":0,"1208":0,"1209":0,"1210":0,"1211":0,"1212":0,"1213":0,"1214":0,"1215":0,"1216":0,"1217":0,"1218":0,"1219":0,"1220":0,"1221":0,"1222":0,"1223":0,"1224":0,"1225":1,"1226":0,"1227":0,"1228":0,"1229":0,"1230":0,"1231":0,"1232":0,"1233":0,"1234":0,"1235":0,"1236":0,"1237":0,"1238":0,"1239":1,"1240":0,"1241":0,"1242":0,"1243":0,"1244":0,"1245":0,"1246":0,"1247":0,"1248":0,"1249":0,"1250":0,"1251":0,"1252":0,"1253":0,"1254":0,"1255":0,"1256":0,"1257":0,"1258":0,"1259":0,"1260":0,"1261":1,"1262":0,"1263":0,"1264":0,"1265":0,"1266":0,"1267":0,"1268":1,"1269":0,"1270":0,"1271":0,"1272":0,"1273":0,"1274":1,"1275":0,"1276":0,"1277":0,"1278":0,"1279":0,"1280":0,"1281":0,"1282":0,"1283":0,"1284":0,"1285":0,"1286":0,"1287":0,"1288":0,"1289":0,"1290":0,"1291":0,"1292":0,"1293":1,"1294":0,"1295":0,"1296":0,"1297":0,"1298":0,"1299":0,"1300":0,"1301":0,"1302":0,"1303":0,"1304":0,"1305":0,"1306":0,"1307":0,"1308":0,"1309":0,"1310":1,"1311":0,"1312":0,"1313":0,"1314":0,"1315":0,"1316":0,"1317":0,"1318":0,"1319":0,"1320":0,"1321":0,"1322":0,"1323":0,"1324":1,"1325":0,"1326":1,"1327":0,"1328":0,"1329":0,"1330":0,"1331":1,"1332":0,"1333":0,"1334":0,"1335":0,"1336":1,"1337":0,"1338":0,"1339":0,"1340":0,"1341":0,"1342":0,"1343":0,"1344":0,"1345":0,"1346":0,"1347":1,"1348":0,"1349":0,"1350":1,"1351":0,"1352":0,"1353":1,"1354":0,"1355":1,"1356":1,"1357":0,"1358":0,"1359":0,"1360":0,"1361":0,"1362":0,"1363":0,"1364":0,"1365":0,"1366":0,"1367":0,"1368":1,"1369":0,"1370":1,"1371":0,"1372":1,"1373":0,"1374":0,"1375":0,"1376":0,"1377":0,"1378":0,"1379":0,"1380":0,"1381":1,"1382":0,"1383":1,"1384":0,"1385":0,"1386":0,"1387":1,"1388":2,"1389":0,"1390":0,"1391":0,"1392":0,"1393":0,"1394":0,"1395":1,"1396":1,"1397":1,"1398":1,"1399":1,"1400":0,"1401":0,"1402":1,"1403":1,"1404":0,"1405":0,"1406":0,"1407":0,"1408":0,"1409":0,"1410":0,"1411":1,"1412":0,"1413":0,"1414":0,"1415":0,"1416":0,"1417":0,"1418":0,"1419":0,"1420":1,"1421":0,"1422":1,"1423":1,"1424":0,"1425":0,"1426":0,"1427":0,"1428":0,"1429":0,"1430":0,"1431":0,"1432":0,"1433":0,"1434":0,"1435":0,"1436":0,"1437":0,"1438":0,"1439":0,"1440":0,"1441":0,"1442":0,"1443":0,"1444":0,"1445":0,"1446":0,"1447":0,"1448":0,"1449":1,"1450":0,"1451":0,"1452":0,"1453":0,"1454":0,"1455":0,"1456":1,"1457":0,"1458":1,"1459":0,"1460":0,"1461":0,"1462":0,"1463":0,"1464":0,"1465":1,"1466":0,"1467":0,"1468":0,"1469":0,"1470":0,"1471":0,"1472":0,"1473":0,"1474":1,"1475":0,"1476":0,"1477":0,"1478":0,"1479":1,"1480":0,"1481":1,"1482":0,"1483":0,"1484":0,"1485":0,"1486":0,"1487":0,"1488":0,"1489":0,"1490":0,"1491":0,"1492":1,"1493":0,"1494":1,"1495":0,"1496":1,"1497":0,"1498":1,"1499":1,"1500":1,"1501":0,"1502":0,"1503":0,"1504":0,"1505":0,"1506":0,"1507":0,"1508":0,"1509":0,"1510":0,"1511":0,"1512":0,"1513":0,"1514":0,"1515":0,"1516":0,"1517":0,"1518":0,"1519":0,"1520":0,"1521":0,"1522":0,"1523":0,"1524":0,"1525":0,"1526":1,"1527":1,"1528":1,"1529":0,"1530":0,"1531":1,"1532":0,"1533":0,"1534":0,"1535":0,"1536":0,"1537":0,"1538":1,"1539":0,"1540":0,"1541":0,"1542":0,"1543":0,"1544":0,"1545":0,"1546":0,"1547":0,"1548":0,"1549":1,"1550":2,"1551":0,"1552":0,"1553":0,"1554":0,"1555":0,"1556":0,"1557":0,"1558":0,"1559":0,"1560":0,"1561":1,"1562":0,"1563":0,"1564":0,"1565":0,"1566":0,"1567":0,"1568":0,"1569":0,"1570":0,"1571":0,"1572":0,"1573":0,"1574":1,"1575":1,"1576":1,"1577":0,"1578":0,"1579":1,"1580":0,"1581":0,"1582":0,"1583":1,"1584":0,"1585":1,"1586":0,"1587":0,"1588":0,"1589":0,"1590":0,"1591":0,"1592":0,"1593":1,"1594":0,"1595":0,"1596":0,"1597":0,"1598":0,"1599":0,"1600":0,"1601":1,"1602":0,"1603":0,"1604":1,"1605":0,"1606":0,"1607":0,"1608":0,"1609":0,"1610":0,"1611":0,"1612":0,"1613":1,"1614":0,"1615":1,"1616":0,"1617":1,"1618":0,"1619":0,"1620":0,"1621":0,"1622":0,"1623":0,"1624":0,"1625":0,"1626":0,"1627":0,"1628":0,"1629":0,"1630":0,"1631":0,"1632":0,"1633":0,"1634":0,"1635":1,"1636":0,"1637":0,"1638":0,"1639":0,"1640":0,"1641":0,"1642":0,"1643":1,"1644":1,"1645":1,"1646":0,"1647":1,"1648":0,"1649":0,"1650":0,"1651":0,"1652":0,"1653":0,"1654":0,"1655":0,"1656":1,"1657":0,"1658":0,"1659":0,"1660":0,"1661":0,"1662":0,"1663":0,"1664":0,"1665":0,"1666":0,"1667":0,"1668":0,"1669":1,"1670":0,"1671":0,"1672":0,"1673":0,"1674":1,"1675":0,"1676":0,"1677":0,"1678":1,"1679":0,"1680":1,"1681":0,"1682":0,"1683":0,"1684":1,"1685":0,"1686":1,"1687":0,"1688":0,"1689":0,"1690":0,"1691":0,"1692":0,"1693":0,"1694":1,"1695":0,"1696":0,"1697":0,"1698":1,"1699":0,"1700":1,"1701":0,"1702":0,"1703":0,"1704":0,"1705":0,"1706":0,"1707":0,"1708":0,"1709":0,"1710":0,"1711":0,"1712":0,"1713":0,"1714":0,"1715":0,"1716":1,"1717":0,"1718":0,"1719":0,"1720":0,"1721":0,"1722":0,"1723":1,"1724":0,"1725":1,"1726":0,"1727":1,"1728":0,"1729":1,"1730":0,"1731":0,"1732":1,"1733":0,"1734":0,"1735":1,"1736":0,"1737":1,"1738":0,"1739":1,"1740":0,"1741":1,"1742":0,"1743":1,"1744":0,"1745":1,"1746":0,"1747":1,"1748":0,"1749":1,"1750":4,"1751":1,"1752":1,"1753":1,"1754":1,"1755":1,"1756":1,"1757":1,"1758":1,"1759":1,"1760":1,"1761":1,"1762":1,"1763":1,"1764":1,"1765":1,"1766":1,"1767":1,"1768":0,"1769":1,"1770":0,"1771":1,"1772":0,"1773":1,"1774":0,"1775":1,"1776":0,"1777":1,"1778":0,"1779":0,"1780":1,"1781":0,"1782":0,"1783":0,"1784":0,"1785":0,"1786":0,"1787":0,"1788":1,"1789":0,"1790":0,"1791":0,"1792":0,"1793":0,"1794":1,"1795":1,"1796":1,"1797":1,"1798":1,"1799":0,"1800":1,"1801":0,"1802":1,"1803":1,"1804":1,"1805":1,"1806":1,"1807":1,"1808":0,"1809":1,"1810":1,"1811":0,"1812":1,"1813":1,"1814":1,"1815":1,"1816":1,"1817":1,"1818":1,"1819":0,"1820":1,"1821":0,"1822":0,"1823":1,"1824":1,"1825":1,"1826":1,"1827":1,"1828":1,"1829":1,"1830":1,"1831":1,"1832":1,"1833":1,"1834":1,"1835":1,"1836":1,"1837":1,"1838":0,"1839":1,"1840":0,"1841":1,"1842":1,"1843":0,"1844":1,"1845":0,"1846":1,"1847":0,"1848":1,"1849":0,"1850":1,"1851":0,"1852":1,"1853":0,"1854":1,"1855":1,"1856":1,"1857":1,"1858":1,"1859":1,"1860":1,"1861":6,"1862":1,"1863":0,"1864":1,"1865":9,"1866":1,"1867":1,"1868":1,"1869":1,"1870":0,"1871":1,"1872":0,"1873":1,"1874":1,"1875":1,"1876":1,"1877":1,"1878":1,"1879":1,"1880":1,"1881":1,"1882":1,"1883":1,"1884":1,"1885":1,"1886":1,"1887":1,"1888":1,"1889":1,"1890":1,"1891":1,"1892":1,"1893":1,"1894":1,"1895":1,"1896":1,"1897":1,"1898":1,"1899":1,"1900":1,"1901":1,"1902":1,"1903":1,"1904":1,"1905":1,"1906":1,"1907":1,"1908":1,"1909":1,"1910":1,"1911":1,"1912":1,"1913":1,"1914":1,"1915":1,"1916":1,"1917":1,"1918":1,"1919":1,"1920":1,"1921":1,"1922":1,"1923":1,"1924":1,"1925":1,"1926":1,"1927":1,"1928":1,"1929":1,"1930":1,"1931":1,"1932":1,"1933":1,"1934":1,"1935":1,"1936":1,"1937":1,"1938":1,"1939":1,"1940":1,"1941":1,"1942":1,"1943":1,"1944":1,"1945":1,"1946":1,"1947":1,"1948":1,"1949":1,"1950":0,"1951":1,"1952":0,"1953":1,"1954":0,"1955":1,"1956":1,"1957":1,"1958":1,"1959":1,"1960":1,"1961":1,"1962":1,"1963":1,"1964":1,"1965":1,"1966":1,"1967":1,"1968":1,"1969":1,"1970":1,"1971":1,"1972":1,"1973":1,"1974":1,"1975":1,"1976":1,"1977":1,"1978":1,"1979":1,"1980":1,"1981":1,"1982":1,"1983":0,"1984":0,"1985":0,"1986":1,"1987":0,"1988":0,"1989":0,"1990":0,"1991":0,"1992":0,"1993":0,"1994":0,"1995":0,"1996":0,"1997":0,"1998":1,"1999":0,"2000":0,"2001":0,"2002":0,"2003":0,"2004":0,"2005":0,"2006":0,"2007":0,"2008":0,"2009":0,"2010":0,"2011":0,"2012":0,"2013":0,"2014":0,"2015":0,"2016":0,"2017":0,"2018":0,"2019":1,"2020":0,"2021":1,"2022":0,"2023":1,"2024":0,"2025":1,"2026":0,"2027":1,"2028":0,"2029":1,"2030":0,"2031":0,"2032":1,"2033":1,"2034":1,"2035":1,"2036":0,"2037":0,"2038":0,"2039":0,"2040":0,"2041":0,"2042":0,"2043":0,"2044":0,"2045":0,"2046":0,"2047":1,"2048":0,"2049":0,"2050":0,"2051":0,"2052":0,"2053":1,"2054":0,"2055":1,"2056":0,"2057":1,"2058":0,"2059":0,"2060":0,"2061":1,"2062":0,"2063":0,"2064":0,"2065":0,"2066":0,"2067":0,"2068":0,"2069":0,"2070":0,"2071":0,"2072":0,"2073":0,"2074":0,"2075":0,"2076":0,"2077":0,"2078":0,"2079":0,"2080":0,"2081":0,"2082":0,"2083":0,"2084":0,"2085":0,"2086":0,"2087":0,"2088":1,"2089":0,"2090":1,"2091":0,"2092":1,"2093":0,"2094":0,"2095":0,"2096":0,"2097":0,"2098":0,"2099":0,"2100":0,"2101":0,"2102":0,"2103":0,"2104":0,"2105":0,"2106":0,"2107":0,"2108":0,"2109":0,"2110":0,"2111":0,"2112":1,"2113":0,"2114":0,"2115":0,"2116":1,"2117":8,"2118":0,"2119":1,"2120":1,"2121":1,"2122":1,"2123":1,"2124":1,"2125":1,"2126":1,"2127":1,"2128":0,"2129":0,"2130":1,"2131":7,"2132":0,"2133":1,"2134":1,"2135":1,"2136":1,"2137":1,"2138":1,"2139":1,"2140":1,"2141":0,"2142":1,"2143":1,"2144":1,"2145":0,"2146":1,"2147":0,"2148":0,"2149":0,"2150":0,"2151":0,"2152":0,"2153":0,"2154":0,"2155":0,"2156":0,"2157":0,"2158":0,"2159":1,"2160":0,"2161":0,"2162":0,"2163":0,"2164":0,"2165":0,"2166":1,"2167":0,"2168":0,"2169":0,"2170":0,"2171":0,"2172":0,"2173":0,"2174":0,"2175":1,"2176":0,"2177":0,"2178":0,"2179":0,"2180":0,"2181":0,"2182":0,"2183":1,"2184":1,"2185":0,"2186":0,"2187":0,"2188":0,"2189":0,"2190":0,"2191":0,"2192":0,"2193":0,"2194":0,"2195":0,"2196":0,"2197":0,"2198":0,"2199":0,"2200":0,"2201":0,"2202":0,"2203":0,"2204":0,"2205":0,"2206":0,"2207":1,"2208":1,"2209":1,"2210":1,"2211":1,"2212":1,"2213":1,"2214":1,"2215":1,"2216":1,"2217":1,"2218":1,"2219":1,"2220":1,"2221":1,"2222":1,"2223":1,"2224":1,"2225":1,"2226":1,"2227":1,"2228":1,"2229":1,"2230":1,"2231":1,"2232":1,"2233":1,"2234":1,"2235":1,"2236":1,"2237":1,"2238":1,"2239":1,"2240":1,"2241":1,"2242":1,"2243":1,"2244":1,"2245":0,"2246":1,"2247":0,"2248":1,"2249":1,"2250":1,"2251":1,"2252":1,"2253":1,"2254":1,"2255":1,"2256":1,"2257":1,"2258":1,"2259":1,"2260":1,"2261":1,"2262":1,"2263":1,"2264":1,"2265":1,"2266":1,"2267":1,"2268":1,"2269":1,"2270":1,"2271":1,"2272":1,"2273":1,"2274":1,"2275":1,"2276":1,"2277":1},"b":{"1":[1,0],"2":[1,1],"3":[0,0],"4":[0,0],"5":[1,1],"6":[14,13],"7":[37,32],"8":[0,0],"9":[41,0],"10":[0,17],"11":[0,17],"12":[0,0],"13":[1,0],"14":[0,0],"15":[0,0],"16":[0,0],"17":[0,0,0,0,0,0,0,0,0,0,0],"18":[0,0],"19":[0,0,0,0],"20":[0,0],"21":[0,0],"22":[0,0],"23":[0,0],"24":[0,0],"25":[0,0],"26":[0,0],"27":[0,0],"28":[0,0],"29":[0,0],"30":[0,0],"31":[0,0],"32":[0,0],"33":[0,0],"34":[0,0],"35":[0,0],"36":[0,0],"37":[0,0],"38":[0,0,0],"39":[0,0],"40":[0,0],"41":[0,0],"42":[0,0],"43":[0,0],"44":[0,0,0,0],"45":[0,0],"46":[0,0,0],"47":[0,0],"48":[0,0],"49":[0,0],"50":[0,0],"51":[0,0],"52":[76,67],"53":[1,13],"54":[1,0],"55":[3,0],"56":[0,3],"57":[3,0],"58":[3,0],"59":[4,9],"60":[13,13,11],"61":[1,0],"62":[1,0],"63":[0,0],"64":[0,0],"65":[0,0],"66":[0,0],"67":[0,0],"68":[0,0],"69":[0,0],"70":[0,0],"71":[0,0],"72":[0,0],"73":[0,0],"74":[0,0],"75":[0,0],"76":[0,0],"77":[0,0],"78":[0,0],"79":[0,0],"80":[0,0],"81":[0,0],"82":[0,0],"83":[0,0],"84":[0,0],"85":[23,28],"86":[33,18],"87":[28,23],"88":[7,44],"89":[0,0],"90":[0,0],"91":[0,0],"92":[0,0],"93":[0,0],"94":[0,0],"95":[0,0],"96":[8,54],"97":[0,0],"98":[0,0],"99":[0,0],"100":[0,0,0,0],"101":[20,17],"102":[5,32],"103":[0,0],"104":[0,0],"105":[0,0],"106":[1,0],"107":[0,0],"108":[0,0],"109":[0,0],"110":[0,0],"111":[0,0],"112":[0,0],"113":[0,0],"114":[0,0],"115":[0,0],"116":[0,0],"117":[0,0],"118":[0,0],"119":[0,0],"120":[0,0],"121":[0,0],"122":[0,0],"123":[0,0],"124":[0,0],"125":[0,0],"126":[0,0],"127":[0,0],"128":[0,0],"129":[0,0],"130":[0,0],"131":[0,0],"132":[0,0],"133":[0,0],"134":[0,0],"135":[0,0,0],"136":[0,0],"137":[0,0,0],"138":[0,0],"139":[0,0],"140":[0,0],"141":[0,0],"142":[0,0],"143":[0,0],"144":[0,0],"145":[0,0],"146":[0,0],"147":[0,0],"148":[0,0],"149":[0,0],"150":[0,0],"151":[0,0],"152":[0,0],"153":[0,0],"154":[0,0],"155":[0,0],"156":[0,0],"157":[0,0],"158":[0,0],"159":[0,0],"160":[0,0],"161":[0,0,0],"162":[0,0],"163":[0,0],"164":[0,0,0],"165":[0,0],"166":[0,0,0],"167":[0,0],"168":[0,0],"169":[0,0],"170":[0,0],"171":[0,0],"172":[0,0],"173":[0,0],"174":[0,0],"175":[0,0],"176":[0,0],"177":[0,0],"178":[0,0],"179":[0,0],"180":[0,0],"181":[0,0],"182":[0,0],"183":[0,0],"184":[0,0],"185":[0,0],"186":[0,0],"187":[0,0],"188":[0,0],"189":[0,0],"190":[0,0],"191":[0,0],"192":[0,0],"193":[0,0],"194":[0,0],"195":[0,0],"196":[0,0],"197":[0,0],"198":[0,0],"199":[0,0],"200":[0,0],"201":[0,0],"202":[0,0],"203":[0,0],"204":[0,0],"205":[0,0],"206":[0,0],"207":[0,0],"208":[0,0],"209":[0,0],"210":[0,0,0],"211":[0,0],"212":[0,0,0],"213":[0,0],"214":[0,0,0],"215":[0,0],"216":[0,0],"217":[0,0],"218":[0,0],"219":[0,0],"220":[0,0],"221":[0,0],"222":[0,0],"223":[0,0],"224":[0,0],"225":[0,0],"226":[0,0],"227":[0,0],"228":[0,0],"229":[0,0],"230":[0,0],"231":[0,0],"232":[0,0],"233":[0,0],"234":[0,0],"235":[0,0],"236":[0,0],"237":[0,0],"238":[0,0],"239":[0,0],"240":[0,0],"241":[0,0],"242":[0,0],"243":[0,0],"244":[0,0],"245":[0,0],"246":[0,0],"247":[0,0],"248":[0,0],"249":[0,0],"250":[0,0],"251":[0,0],"252":[0,0],"253":[0,0],"254":[0,0],"255":[0,0],"256":[0,0],"257":[0,0,0],"258":[0,1],"259":[1,0,0,0],"260":[2,0],"261":[1,1],"262":[2,0],"263":[1,0],"264":[0,1],"265":[0,1],"266":[0,0],"267":[0,0],"268":[0,1],"269":[0,0],"270":[0,0],"271":[0,0],"272":[0,0],"273":[0,0],"274":[0,1],"275":[1,1,0],"276":[0,1],"277":[1,0],"278":[1,0],"279":[0,0],"280":[0,0],"281":[0,0],"282":[0,0],"283":[0,0],"284":[0,0],"285":[0,0],"286":[0,0,0,0,0,0],"287":[0,0],"288":[0,0],"289":[0,0],"290":[0,0],"291":[0,0],"292":[0,0],"293":[0,0],"294":[0,0,0],"295":[0,0],"296":[0,0],"297":[0,0],"298":[0,0],"299":[0,0],"300":[0,0],"301":[0,0],"302":[0,0],"303":[0,0],"304":[0,0],"305":[0,0],"306":[0,0],"307":[0,0],"308":[0,0],"309":[0,0],"310":[0,0],"311":[0,0],"312":[0,0],"313":[0,0],"314":[0,0],"315":[0,0],"316":[0,0],"317":[0,0],"318":[0,0],"319":[0,0],"320":[0,0,0],"321":[0,0],"322":[0,0],"323":[0,0],"324":[0,0],"325":[0,0],"326":[0,0],"327":[0,0],"328":[0,0],"329":[0,0],"330":[0,0],"331":[0,0],"332":[0,0,0],"333":[0,0],"334":[0,0],"335":[0,0],"336":[0,0],"337":[0,0],"338":[0,0],"339":[0,0],"340":[0,0,0,0],"341":[0,0],"342":[0,0],"343":[0,0],"344":[0,0],"345":[0,0,0],"346":[0,0],"347":[0,0],"348":[0,0],"349":[0,0],"350":[0,0],"351":[0,0],"352":[0,0],"353":[0,0],"354":[0,0],"355":[0,0],"356":[0,0],"357":[0,0],"358":[0,0],"359":[0,0],"360":[0,0],"361":[0,0],"362":[0,0],"363":[0,0],"364":[0,0],"365":[0,0],"366":[0,0],"367":[0,0],"368":[0,0],"369":[0,0,0],"370":[0,0],"371":[0,0],"372":[0,0],"373":[0,0],"374":[0,0],"375":[0,0],"376":[0,0],"377":[0,0],"378":[0,0],"379":[0,0],"380":[0,0],"381":[0,0],"382":[0,0],"383":[0,0],"384":[0,0],"385":[0,0],"386":[0,0],"387":[0,0],"388":[0,0],"389":[0,0,0],"390":[0,0],"391":[0,0],"392":[0,0],"393":[0,0],"394":[0,0],"395":[0,0],"396":[0,0],"397":[0,0],"398":[0,0],"399":[0,0],"400":[0,0],"401":[0,0],"402":[0,0],"403":[0,0],"404":[0,0],"405":[0,0,0,0],"406":[0,0],"407":[0,0],"408":[0,0],"409":[0,0],"410":[0,0],"411":[0,0],"412":[0,0],"413":[0,0],"414":[0,0],"415":[0,0],"416":[0,0],"417":[0,0],"418":[0,0],"419":[0,0,0],"420":[0,0],"421":[0,0],"422":[0,0],"423":[0,0],"424":[0,0],"425":[0,0],"426":[0,0],"427":[0,0],"428":[0,0],"429":[0,0],"430":[0,0],"431":[0,0],"432":[0,0],"433":[0,0],"434":[0,0],"435":[0,0],"436":[0,0],"437":[0,0],"438":[0,0],"439":[0,0],"440":[0,0],"441":[0,0],"442":[0,0],"443":[0,0],"444":[0,0],"445":[0,0],"446":[0,0],"447":[0,0],"448":[0,0],"449":[0,0],"450":[0,0],"451":[0,0],"452":[0,0],"453":[0,0],"454":[0,0],"455":[0,0],"456":[0,0],"457":[0,0],"458":[0,0],"459":[0,0],"460":[0,0],"461":[0,0],"462":[0,0],"463":[0,0],"464":[0,0],"465":[0,0],"466":[0,0],"467":[0,0],"468":[0,0],"469":[0,0],"470":[0,0],"471":[0,0],"472":[0,0],"473":[0,0],"474":[0,0],"475":[0,0],"476":[0,0],"477":[0,0],"478":[0,0],"479":[0,0],"480":[0,0],"481":[0,0],"482":[0,0],"483":[0,0],"484":[0,0],"485":[0,0],"486":[0,0,0],"487":[0,0],"488":[0,0],"489":[0,0],"490":[0,0],"491":[0,0],"492":[0,0],"493":[0,0],"494":[0,0],"495":[0,0],"496":[0,0],"497":[0,0],"498":[0,0],"499":[0,0],"500":[0,0],"501":[0,0],"502":[0,0],"503":[0,0],"504":[0,0],"505":[0,0],"506":[0,0],"507":[0,0],"508":[0,0],"509":[0,0],"510":[0,0],"511":[0,0],"512":[0,0],"513":[0,0],"514":[0,0],"515":[0,0],"516":[0,0],"517":[0,0],"518":[0,0],"519":[0,0],"520":[0,0],"521":[0,0],"522":[0,0],"523":[0,0],"524":[0,0],"525":[0,0],"526":[0,0],"527":[0,0],"528":[0,0],"529":[0,0],"530":[0,0],"531":[0,0],"532":[0,0],"533":[0,0],"534":[0,0],"535":[0,0],"536":[0,0],"537":[0,0],"538":[0,0],"539":[0,0],"540":[0,0],"541":[0,0,0],"542":[0,0],"543":[0,0],"544":[0,0],"545":[0,0],"546":[0,0],"547":[0,0],"548":[0,0],"549":[0,0],"550":[0,0],"551":[0,0],"552":[0,0],"553":[0,0],"554":[0,0],"555":[0,0],"556":[0,0],"557":[0,0],"558":[0,0],"559":[0,0],"560":[0,0],"561":[0,0],"562":[0,0],"563":[0,0],"564":[0,0,0,0],"565":[0,0],"566":[0,0,0,0],"567":[0,0],"568":[0,0],"569":[0,0],"570":[0,0,0,0,0,0,0,0,0,0],"571":[0,0],"572":[0,0],"573":[0,0],"574":[0,0],"575":[0,0],"576":[0,0],"577":[0,0],"578":[0,0],"579":[0,0],"580":[0,0],"581":[0,0],"582":[0,0],"583":[0,0],"584":[0,0],"585":[0,0],"586":[0,0],"587":[0,0],"588":[0,0],"589":[0,0],"590":[0,0],"591":[0,0],"592":[0,0],"593":[0,0],"594":[0,0],"595":[0,0],"596":[0,0],"597":[0,0],"598":[0,0],"599":[0,0],"600":[0,0],"601":[0,0],"602":[0,0],"603":[0,0],"604":[0,0,0,0,0,0],"605":[0,0],"606":[0,0],"607":[0,0],"608":[0,0],"609":[0,0,0,0,0,0,0],"610":[0,0],"611":[0,0],"612":[0,0],"613":[0,0],"614":[0,0,0,0,0,0,0,0,0,0,0,0,0,0,0,0,0,0,0,0,0,0,0],"615":[0,0],"616":[0,0],"617":[0,0],"618":[0,0],"619":[0,0],"620":[0,0],"621":[0,0],"622":[0,0],"623":[0,0],"624":[0,0],"625":[0,0],"626":[0,0],"627":[0,0],"628":[0,0],"629":[0,0,0],"630":[0,0],"631":[0,0],"632":[0,0]},"f":{"1":1,"2":1,"3":0,"4":1,"5":1,"6":14,"7":0,"8":2,"9":37,"10":0,"11":0,"12":104,"13":17,"14":0,"15":0,"16":0,"17":0,"18":0,"19":0,"20":0,"21":0,"22":0,"23":0,"24":0,"25":0,"26":0,"27":0,"28":12,"29":0,"30":0,"31":76,"32":1,"33":1,"34":1,"35":0,"36":0,"37":0,"38":0,"39":0,"40":0,"41":0,"42":0,"43":16,"44":0,"45":0,"46":16,"47":0,"48":0,"49":6,"50":0,"51":0,"52":0,"53":0,"54":0,"55":0,"56":51,"57":0,"58":0,"59":0,"60":0,"61":0,"62":0,"63":0,"64":0,"65":0,"66":62,"67":0,"68":0,"69":0,"70":0,"71":0,"72":37,"73":0,"74":5,"75":0,"76":0,"77":0,"78":0,"79":0,"80":0,"81":0,"82":0,"83":0,"84":0,"85":0,"86":0,"87":0,"88":0,"89":0,"90":0,"91":0,"92":0,"93":0,"94":0,"95":0,"96":0,"97":0,"98":0,"99":0,"100":0,"101":0,"102":0,"103":0,"104":0,"105":0,"106":0,"107":0,"108":0,"109":0,"110":0,"111":0,"112":0,"113":0,"114":0,"115":0,"116":0,"117":0,"118":0,"119":0,"120":0,"121":0,"122":0,"123":0,"124":0,"125":0,"126":0,"127":0,"128":0,"129":0,"130":0,"131":0,"132":0,"133":0,"134":0,"135":0,"136":0,"137":0,"138":0,"139":0,"140":0,"141":0,"142":0,"143":0,"144":0,"145":0,"146":0,"147":2,"148":0,"149":0,"150":0,"151":0,"152":0,"153":0,"154":0,"155":0,"156":0,"157":0,"158":0,"159":0,"160":0,"161":1,"162":2,"163":1,"164":0,"165":0,"166":1,"167":0,"168":0,"169":0,"170":0,"171":0,"172":0,"173":0,"174":0,"175":0,"176":0,"177":0,"178":0,"179":0,"180":0,"181":0,"182":0,"183":0,"184":0,"185":0,"186":0,"187":0,"188":0,"189":0,"190":0,"191":0,"192":0,"193":0,"194":0,"195":0,"196":0,"197":0,"198":0,"199":0,"200":0,"201":0,"202":2,"203":0,"204":0,"205":0,"206":0,"207":0,"208":0,"209":0,"210":0,"211":0,"212":0,"213":0,"214":0,"215":0,"216":0,"217":0,"218":0,"219":0,"220":0,"221":0,"222":0,"223":0,"224":2,"225":0,"226":0,"227":0,"228":0,"229":0,"230":0,"231":0,"232":0,"233":0,"234":0,"235":0,"236":0,"237":0,"238":0,"239":0,"240":0,"241":0,"242":0,"243":0,"244":0,"245":0,"246":0,"247":0,"248":0,"249":0,"250":0,"251":0,"252":0,"253":0,"254":0,"255":0,"256":0,"257":0,"258":0,"259":0,"260":0,"261":0,"262":0,"263":4,"264":0,"265":0,"266":0,"267":0,"268":0,"269":0,"270":0,"271":0,"272":0,"273":0,"274":0,"275":0,"276":0,"277":0,"278":0,"279":0,"280":0,"281":0,"282":0,"283":0,"284":0,"285":0,"286":0,"287":0,"288":0,"289":0,"290":0,"291":0,"292":0,"293":0,"294":0,"295":0,"296":0,"297":0,"298":0,"299":0,"300":0,"301":0,"302":0,"303":0,"304":0,"305":0,"306":0,"307":0,"308":0,"309":0,"310":0,"311":8,"312":0,"313":0,"314":7,"315":0,"316":0,"317":0,"318":0,"319":0,"320":0,"321":0,"322":0,"323":0,"324":0},"fnMap":{"1":{"name":"(anonymous_1)","line":7,"loc":{"start":{"line":7,"column":2},"end":{"line":7,"column":29}}},"2":{"name":"(anonymous_2)","line":11,"loc":{"start":{"line":11,"column":9},"end":{"line":11,"column":21}}},"3":{"name":"hooks","line":15,"loc":{"start":{"line":15,"column":0},"end":{"line":15,"column":18}}},"4":{"name":"setHookCallback","line":21,"loc":{"start":{"line":21,"column":0},"end":{"line":21,"column":36}}},"5":{"name":"isArray","line":25,"loc":{"start":{"line":25,"column":0},"end":{"line":25,"column":24}}},"6":{"name":"isObject","line":29,"loc":{"start":{"line":29,"column":0},"end":{"line":29,"column":25}}},"7":{"name":"isObjectEmpty","line":35,"loc":{"start":{"line":35,"column":0},"end":{"line":35,"column":28}}},"8":{"name":"isUndefined","line":44,"loc":{"start":{"line":44,"column":0},"end":{"line":44,"column":28}}},"9":{"name":"isNumber","line":48,"loc":{"start":{"line":48,"column":0},"end":{"line":48,"column":25}}},"10":{"name":"isDate","line":52,"loc":{"start":{"line":52,"column":0},"end":{"line":52,"column":23}}},"11":{"name":"map","line":56,"loc":{"start":{"line":56,"column":0},"end":{"line":56,"column":22}}},"12":{"name":"hasOwnProp","line":64,"loc":{"start":{"line":64,"column":0},"end":{"line":64,"column":26}}},"13":{"name":"extend","line":68,"loc":{"start":{"line":68,"column":0},"end":{"line":68,"column":22}}},"14":{"name":"createUTC","line":86,"loc":{"start":{"line":86,"column":0},"end":{"line":86,"column":51}}},"15":{"name":"defaultParsingFlags","line":90,"loc":{"start":{"line":90,"column":0},"end":{"line":90,"column":31}}},"16":{"name":"getParsingFlags","line":110,"loc":{"start":{"line":110,"column":0},"end":{"line":110,"column":28}}},"17":{"name":"(anonymous_17)","line":121,"loc":{"start":{"line":121,"column":11},"end":{"line":121,"column":26}}},"18":{"name":"isValid","line":137,"loc":{"start":{"line":137,"column":0},"end":{"line":137,"column":20}}},"19":{"name":"(anonymous_19)","line":140,"loc":{"start":{"line":140,"column":61},"end":{"line":140,"column":74}}},"20":{"name":"createInvalid","line":170,"loc":{"start":{"line":170,"column":0},"end":{"line":170,"column":31}}},"21":{"name":"copyConfig","line":186,"loc":{"start":{"line":186,"column":0},"end":{"line":186,"column":30}}},"22":{"name":"Moment","line":236,"loc":{"start":{"line":236,"c
[...]
"","return hooks;","","})));",""],"l":{"7":1,"8":1,"13":1,"15":1,"16":0,"21":1,"22":1,"25":1,"26":1,"29":1,"32":14,"35":1,"36":0,"37":0,"39":0,"41":0,"44":1,"45":2,"48":1,"49":37,"52":1,"53":0,"56":1,"57":0,"58":0,"59":0,"61":0,"64":1,"65":104,"68":1,"69":17,"70":41,"71":41,"75":17,"76":0,"79":17,"80":0,"83":17,"86":1,"87":0,"90":1,"92":0,"110":1,"111":0,"112":0,"114":0,"117":1,"118":1,"119":1,"121":0,"122":0,"123":0,"125":0,"126":0,"127":0,"131":0,"135":1,"137":1,"138":0,"139":0,"140":0,"141":0,"143":0,"153":0,"154":0,"160":0,"161":0,"164":0,"167":0,"170":1,"171":0,"172":0,"173":0,"176":0,"179":0,"184":1,"186":1,"187":0,"189":0,"190":0,"192":0,"193":0,"195":0,"196":0,"198":0,"199":0,"201":0,"202":0,"204":0,"205":0,"207":0,"208":0,"210":0,"211":0,"213":0,"214":0,"216":0,"217":0,"220":0,"221":0,"222":0,"223":0,"224":0,"225":0,"230":0,"233":1,"236":1,"237":0,"238":0,"239":0,"240":0,"244":0,"245":0,"246":0,"247":0,"251":1,"252":0,"255":1,"256":0,"258":0,"260":0,"264":1,"265":0,"268":0,"269":0,"272":0,"276":1,"277":0,"281":0,"282":0,"284":0,"287":0,"290":1,"291":0,"293":0,"297":1,"298":12,"300":12,"301":0,"302":0,"304":0,"305":0,"306":0,"307":0,"308":0,"309":0,"310":0,"311":0,"312":0,"314":0,"316":0,"318":0,"320":0,"321":0,"323":0,"327":1,"329":1,"330":0,"331":0,"333":0,"334":0,"335":0,"339":1,"340":1,"342":1,"343":76,"346":1,"347":1,"348":1,"349":14,"350":14,"351":1,"353":13,"356":1,"360":1,"365":1,"366":1,"367":1,"368":3,"369":3,"370":0,"371":0,"372":0,"373":3,"374":3,"376":0,"380":1,"381":13,"385":4,"388":1,"391":1,"392":1,"393":1,"397":1,"399":1,"400":1,"402":0,"403":0,"404":0,"405":0,"406":0,"409":0,"413":1,"415":1,"424":1,"425":0,"426":0,"429":1,"438":1,"439":0,"442":0,"443":0,"446":0,"447":0,"450":0,"453":1,"455":1,"456":0,"459":1,"460":1,"462":1,"463":0,"466":1,"483":1,"484":0,"485":0,"490":1,"491":0,"492":0,"495":1,"497":1,"498":16,"499":16,"502":1,"503":0,"506":1,"507":0,"511":0,"512":0,"513":0,"514":0,"515":0,"520":0,"523":1,"525":1,"526":16,"529":1,"530":0,"531":0,"532":0,"534":0,"535":0,"537":0,"540":1,"541":6,"542":0,"543":0,"544":0,"545":0,"547":0,"552":1,"553":0,"557":1,"558":0,"559":0,"565":1,"566":0,"567":0,"568":0,"570":0,"574":1,"575":0,"576":0,"577":0,"578":0,"579":0,"582":0,"583":0,"584":0,"587":0,"590":1,"591":0,"594":0,"598":1,"600":1,"602":1,"604":1,"610":1,"611":51,"612":51,"613":23,"614":0,"617":51,"618":33,"620":51,"621":28,"622":0,"625":51,"626":7,"627":0,"632":1,"633":0,"634":0,"636":0,"639":1,"640":0,"642":0,"643":0,"644":0,"646":0,"650":0,"651":0,"652":0,"653":0,"655":0,"660":1,"661":0,"662":0,"665":0,"666":0,"668":0,"671":1,"672":0,"674":1,"675":0,"678":0,"679":0,"680":0,"681":0,"682":0,"685":0,"688":1,"689":1,"690":1,"691":1,"692":1,"693":1,"694":1,"695":1,"696":1,"697":1,"698":1,"700":1,"701":1,"703":1,"704":1,"706":1,"710":1,"713":1,"715":1,"716":62,"717":0,"721":1,"722":0,"723":0,"726":0,"730":1,"731":0,"732":0,"736":1,"737":0,"740":1,"742":1,"743":37,"744":37,"745":20,"747":37,"748":5,"749":0,"752":37,"753":60,"757":1,"758":5,"759":0,"760":0,"764":1,"765":0,"766":0,"770":1,"771":1,"772":1,"773":1,"774":1,"775":1,"776":1,"777":1,"778":1,"780":1,"782":1,"783":1,"785":0,"787":0,"788":0,"789":0,"790":0,"793":0,"797":1,"799":1,"800":0,"805":1,"806":0,"809":1,"810":0,"813":1,"814":0,"819":1,"823":1,"827":1,"828":1,"829":1,"830":0,"832":1,"833":0,"836":1,"837":0,"840":1,"841":0,"843":0,"844":0,"846":0,"852":1,"853":1,"854":1,"855":0,"856":0,"859":0,"863":1,"864":1,"865":0,"866":0,"869":0,"873":1,"874":0,"875":0,"877":0,"878":0,"879":0,"880":0,"881":0,"882":0,"883":0,"887":0,"888":0,"889":0,"890":0,"892":0,"893":0,"896":0,"897":0,"898":0,"899":0,"901":0,"902":0,"904":0,"905":0,"906":0,"908":0,"909":0,"914":1,"915":0,"917":0,"918":0,"921":0,"922":0,"923":0,"924":0,"930":0,"932":0,"933":0,"934":0,"935":0,"937":0,"938":0,"939":0,"942":0,"943":0,"944":0,"945":0,"946":0,"947":0,"954":1,"955":0,"957":0,"959":0,"962":0,"963":0,"964":0,"966":0,"968":0,"969":0,"974":0,"975":0,"976":0,"979":1,"980":0,"981":0,"982":0,"983":0,"985":0,"989":1,"990":0,"993":1,"994":1,"995":0,"996":0,"997":0,"999":0,"1000":0,"1002":0,"1005":0,"1006":0,"1008":0,"1013":1,"1014":1,"1015":0,"1016":0,"1017":0,"1019":0,"1020":0,"1022":0,"1025":0,"1026":0,"1028":0,"1033":1,"1034":1,"1035":0,"1038":0,"1040":0,"1042":0,"1043":0,"1044":0,"1045":0,"1046":0,"1050":0,"1051":0,"1052":0,"1053":0,"1054":0,"1055":0,"1057":0,"1058":0,"1061":0,"1062":0,"1063":0,"1064":0,"1069":1,"1070":0,"1071":0,"1074":1,"1075":0,"1078":1,"1079":1,"1080":1,"1084":1,"1088":1,"1092":1,"1093":1,"1094":1,"1095":1,"1096":1,"1098":1,"1099":1,"1100":0,"1102":1,"1103":0,"1105":1,"1106":0,"1111":1,"1112":0,"1115":1,"1116":0,"1121":1,"1122":0,"1127":1,"1129":1,"1130":0,"1133":1,"1136":0,"1139":0,"1140":0,"1142":0,"1145":1,"1146":0,"1149":0,"1150":0,"1152":0,"1156":1,"1157":0,"1162":0,"1166":1,"1167":0,"1172":0,"1173":0,"1174":0,"1175":0,"1176":0,"1177":0,"1179":0,"1180":0,"1183":0,"1189":1,"1190":0,"1194":0,"1195":0,"1196":0,"1197":0,"1198":0,"1199":0,"1201":0,"1202":0,"1205":0,"1211":1,"1212":0,"1214":0,"1219":1,"1220":1,"1224":1,"1225":1,"1229":1,"1230":1,"1234":1,"1235":1,"1236":1,"1237":1,"1239":1,"1240":0,"1247":1,"1248":0,"1251":1,"1256":1,"1257":0,"1260":1,"1261":0,"1266":1,"1267":0,"1268":0,"1271":1,"1272":0,"1273":0,"1278":1,"1280":1,"1281":0,"1284":1,"1285":0,"1288":1,"1289":0,"1292":1,"1293":1,"1297":1,"1298":1,"1299":1,"1302":1,"1303":1,"1304":1,"1308":1,"1309":1,"1310":1,"1311":1,"1312":0,"1314":1,"1315":0,"1317":1,"1318":0,"1321":1,"1322":0,"1324":0,"1325":0,"1327":0,"1331":1,"1332":0,"1337":1,"1338":0,"1339":0,"1342":0,"1343":0,"1346":0,"1347":0,"1348":0,"1351":0,"1354":1,"1355":0,"1356":0,"1358":0,"1363":1,"1364":1,"1365":0,"1366":0,"1369":0,"1373":1,"1374":1,"1375":0,"1378":1,"1379":1,"1380":0,"1383":1,"1384":0,"1385":0,"1386":0,"1387":0,"1388":0,"1390":0,"1391":0,"1392":0,"1393":0,"1394":0,"1398":0,"1399":0,"1400":0,"1401":0,"1402":0,"1403":0,"1404":0,"1406":0,"1407":0,"1410":0,"1411":0,"1412":0,"1413":0,"1415":0,"1416":0,"1417":0,"1419":0,"1420":0,"1421":0,"1422":0,"1423":0,"1424":0,"1426":0,"1427":0,"1428":0,"1430":0,"1431":0,"1433":0,"1434":0,"1435":0,"1437":0,"1438":0,"1439":0,"1441":0,"1442":0,"1447":1,"1448":0,"1450":0,"1451":0,"1454":0,"1455":0,"1456":0,"1457":0,"1458":0,"1461":0,"1464":0,"1465":0,"1466":0,"1467":0,"1468":0,"1470":0,"1471":0,"1472":0,"1475":0,"1476":0,"1477":0,"1478":0,"1479":0,"1480":0,"1481":0,"1482":0,"1489":1,"1490":0,"1491":0,"1493":0,"1494":0,"1495":0,"1496":0,"1498":0,"1502":1,"1503":0,"1504":0,"1506":0,"1507":0,"1510":1,"1511":0,"1512":0,"1519":0,"1520":0,"1521":0,"1523":0,"1527":1,"1528":1,"1529":0,"1530":0,"1531":0,"1533":0,"1534":0,"1536":0,"1539":0,"1540":0,"1542":0,"1547":1,"1548":1,"1549":0,"1550":0,"1551":0,"1553":0,"1554":0,"1556":0,"1559":0,"1560":0,"1562":0,"1567":1,"1568":1,"1569":0,"1570":0,"1571":0,"1573":0,"1574":0,"1576":0,"1579":0,"1580":0,"1582":0,"1588":1,"1589":1,"1590":0,"1593":0,"1595":0,"1597":0,"1598":0,"1599":0,"1600":0,"1601":0,"1602":0,"1603":0,"1604":0,"1605":0,"1606":0,"1610":0,"1611":0,"1612":0,"1613":0,"1614":0,"1615":0,"1616":0,"1617":0,"1620":0,"1621":0,"1622":0,"1624":0,"1625":0,"1626":0,"1631":1,"1632":0,"1635":1,"1636":0,"1639":1,"1640":1,"1641":1,"1643":1,"1644":0,"1647":1,"1648":0,"1652":1,"1653":0,"1656":1,"1657":0,"1661":1,"1662":2,"1663":0,"1667":1,"1668":1,"1672":1,"1675":1,"1679":1,"1680":0,"1683":1,"1684":1,"1685":1,"1686":1,"1687":1,"1688":1,"1689":1,"1690":1,"1692":1,"1693":1,"1694":1,"1695":1,"1697":1,"1698":1,"1699":0,"1700":0,"1702":1,"1703":0,"1704":0,"1706":1,"1707":0,"1708":0,"1710":1,"1711":0,"1712":0,"1713":0,"1714":0,"1716":1,"1717":0,"1718":0,"1719":0,"1720":0,"1721":0,"1722":0,"1724":1,"1725":0,"1726":0,"1727":0,"1729":1,"1730":0,"1731":0,"1732":0,"1733":0,"1734":0,"1739":1,"1742":0,"1745":1,"1746":1,"1747":0,"1748":0,"1750":0,"1761":1,"1767":1,"1788":1,"1789":1,"1790":1,"1792":1,"1793":0,"1799":1,"1800":0,"1802":0,"1803":0,"1804":0,"1805":0,"1806":0,"1807":0,"1808":0,"1809":0,"1810":0,"1812":0,"1814":0,"1816":0,"1818":0,"1820":0,"1823":1,"1824":1,"1826":1,"1828":0,"1829":0,"1830":0,"1833":0,"1836":1,"1842":1,"1843":2,"1844":2,"1845":2,"1846":1,"1849":1,"1852":2,"1854":2,"1858":2,"1861":1,"1862":1,"1863":1,"1864":1,"1865":1,"1866":0,"1871":0,"1872":1,"1873":0,"1874":0,"1876":0,"1877":0,"1879":0,"1883":0,"1886":1,"1888":1,"1889":0,"1890":0,"1897":1,"1900":1,"1903":0,"1904":0,"1908":1,"1909":0,"1910":0,"1912":0,"1913":0,"1915":0,"1916":0,"1917":0,"1918":0,"1921":0,"1924":0,"1925":0,"1926":0,"1927":0,"1928":0,"1932":0,"1936":1,"1937":1,"1939":1,"1940":0,"1943":1,"1944":0,"1947":1,"1949":1,"1950":1,"1951":1,"1953":0,"1956":0,"1959":1,"1960":0,"1963":1,"1964":0,"1965":0,"1967":0,"1968":0,"1977":0,"1978":0,"1980":0,"1981":0,"1983":0,"1984":0,"1987":0,"1990":0,"1995":1,"1996":1,"1998":1,"2000":1,"2016":1,"2028":1,"2031":1,"2032":0,"2037":0,"2038":0,"2040":0,"2041":0,"2042":0,"2043":0,"2044":0,"2047":0,"2048":0,"2049":0,"2051":0,"2052":0,"2053":0,"2055":0,"2056":0,"2059":0,"2060":0,"2061":0,"2064":0,"2065":0,"2066":0,"2068":0,"2069":0,"2070":0,"2072":0,"2073":0,"2076":0,"2077":0,"2079":0,"2084":1,"2087":1,"2088":0,"2090":0,"2101":0,"2102":0,"2104":0,"2108":0,"2110":0,"2111":0,"2112":0,"2113":0,"2116":0,"2117":0,"2118":0,"2120":0,"2121":0,"2122":0,"2123":0,"2127":0,"2129":0,"2130":0,"2132":0,"2133":0,"2136":0,"2138":0,"2139":0,"2141":0,"2143":0,"2144":0,"2145":0,"2146":0,"2147":0,"2148":0,"2150":0,"2155":1,"2156":0,"2158":0,"2159":0,"2160":0,"2163":0,"2164":0,"2165":0,"2167":0,"2170":0,"2171":0,"2172":0,"2174":0,"2178":0,"2181":1,"2187":0,"2192":1,"2193":0,"2194":0,"2196":0,"2197":0,"2199":0,"2202":1,"2204":0,"2205":0,"2206":0,"2208":0,"2215":1,"2216":0,"2218":0,"2219":0,"2222":0,"2225":0,"2226":0,"2230":0,"2231":0,"2233":0,"2234":0,"2237":0,"2238":0,"2239":0,"2247":0,"2248":0,"2252":0,"2253":0,"2257":0,"2261":0,"2262":0,"2265":0,"2268":0,"2269":0,"2272":0,"2273":0,"2277":1,"2278":0,"2280":0,"2281":0,"2282":0,"2283":0,"2289":0,"2290":0,"2291":0,"2292":0,"2293":0,"2296":0,"2297":0,"2299":0,"2301":0,"2304":0,"2306":0,"2308":0,"2309":0,"2310":0,"2312":0,"2314":0,"2315":0,"2316":0,"2320":0,"2323":0,"2324":0,"2325":0,"2326":0,"2328":0,"2329":0,"2330":0,"2335":1,"2338":1,"2341":1,"2343":0,"2344":0,"2345":0,"2347":0,"2348":0,"2349":0,"2351":0,"2352":0,"2355":0,"2360":0,"2362":0,"2363":0,"2364":0,"2367":0,"2368":0,"2369":0,"2370":0,"2372":0,"2373":0,"2376":0,"2377":0,"2378":0,"2381":0,"2383":0,"2385":0,"2386":0,"2391":0,"2392":0,"2393":0,"2397":0,"2400":0,"2403":0,"2404":0,"2406":0,"2408":0,"2409":0,"2413":1,"2414":0,"2416":0,"2418":0,"2420":0,"2421":0,"2422":0,"2424":0,"2425":0,"2426":0,"2428":0,"2429":0,"2431":0,"2434":0,"2439":1,"2440":0,"2447":0,"2448":0,"2449":0,"2450":0,"2453":0,"2454":0,"2455":0,"2456":0,"2457":0,"2459":0,"2460":0,"2462":0,"2463":0,"2467":0,"2470":0,"2472":0,"2474":0,"2475":0,"2476":0,"2480":0,"2483":1,"2484":0,"2485":0,"2488":0,"2489":0,"2490":0,"2493":0,"2496":1,"2497":0,"2498":0,"2500":0,"2501":0,"2504":0,"2507":1,"2508":0,"2511":0,"2513":0,"2514":0,"2517":0,"2518":0,"2521":0,"2522":0,"2523":0,"2524":0,"2525":0,"2526":0,"2527":0,"2528":0,"2530":0,"2533":0,"2534":0,"2537":0,"2540":1,"2541":0,"2542":0,"2543":0,"2544":0,"2545":0,"2546":0,"2547":0,"2548":0,"2549":0,"2550":0,"2552":0,"2553":0,"2554":0,"2555":0,"2557":0,"2559":0,"2563":1,"2564":0,"2566":0,"2567":0,"2568":0,"2571":0,"2573":0,"2577":0,"2578":0,"2579":0,"2580":0,"2581":0,"2582":0,"2584":0,"2587":1,"2588":0,"2591":1,"2594":0,"2595":0,"2596":0,"2598":0,"2603":1,"2606":0,"2607":0,"2608":0,"2610":0,"2620":1,"2621":0,"2622":0,"2623":0,"2625":0,"2626":0,"2628":0,"2629":0,"2630":0,"2631":0,"2634":0,"2638":1,"2639":0,"2641":0,"2644":1,"2645":0,"2647":0,"2650":1,"2651":0,"2654":1,"2656":1,"2657":0,"2658":0,"2659":0,"2663":0,"2664":0,"2665":0,"2666":0,"2667":0,"2669":0,"2670":0,"2675":0,"2678":1,"2679":0,"2682":1,"2683":0,"2686":1,"2687":0,"2698":0,"2701":0,"2707":0,"2712":0,"2716":0,"2718":0,"2720":0,"2723":1,"2724":0,"2727":1,"2728":0,"2729":0,"2731":0,"2737":1,"2738":2,"2739":0,"2740":0,"2741":0,"2742":0,"2743":0,"2745":0,"2749":1,"2750":1,"2754":1,"2755":1,"2756":1,"2757":0,"2758":0,"2766":1,"2768":1,"2769":0,"2771":0,"2772":0,"2775":0,"2776":0,"2777":0,"2779":0,"2785":1,"2786":0,"2787":0,"2788":0,"2789":0,"2791":0,"2792":0,"2793":0,"2795":0,"2799":1,"2802":0,"2809":1,"2823":1,"2824":0,"2826":0,"2827":0,"2829":0,"2830":0,"2831":0,"2832":0,"2833":0,"2835":0,"2836":0,"2838":0,"2839":0,"2841":0,"2842":0,"2843":0,"2844":0,"2846":0,"2847":0,"2848":0,"2849":0,"2850":0,"2851":0,"2852":0,"2855":0,"2857":0,"2861":1,"2862":0,"2863":0,"2864":0,"2867":0,"2869":0,"2871":0,"2875":1,"2876":0,"2879":1,"2880":0,"2881":0,"2882":0,"2884":0,"2885":0,"2888":0,"2891":1,"2892":0,"2893":0,"2894":0,"2895":0,"2896":0,"2897":0,"2900":0,"2903":0,"2906":1,"2907":0,"2908":0,"2910":0,"2912":0,"2915":1,"2916":0,"2922":1,"2923":0,"2924":0,"2927":0,"2929":0,"2930":0,"2932":0,"2933":0,"2934":0,"2937":0,"2940":0,"2943":1,"2944":0,"2947":1,"2948":0,"2951":1,"2952":0,"2956":1,"2961":1,"2963":1,"2964":0,"2971":0,"2972":0,"2977":0,"2978":0,"2979":0,"2980":0,"2982":0,"2984":0,"2985":0,"2986":0,"2994":0,"2995":0,"2996":0,"3005":0,"3006":0,"3007":0,"3008":0,"3010":0,"3011":0,"3012":0,"3015":0,"3017":0,"3018":0,"3021":0,"3024":1,"3025":1,"3027":1,"3031":0,"3033":0,"3036":1,"3037":0,"3039":0,"3041":0,"3042":0,"3045":0,"3047":0,"3050":1,"3051":0,"3052":0,"3053":0,"3056":0,"3057":0,"3058":0,"3060":0,"3061":0,"3062":0,"3065":0,"3069":1,"3070":2,"3071":0,"3073":0,"3074":0,"3076":0,"3079":0,"3080":0,"3081":0,"3082":0,"3086":1,"3087":0,"3091":0,"3093":0,"3096":0,"3098":0,"3099":0,"3101":0,"3102":0,"3104":0,"3105":0,"3107":0,"3108":0,"3112":1,"3113":1,"3115":1,"3116":0,"3117":0,"3125":1,"3128":0,"3132":0,"3134":0,"3137":1,"3138":0,"3141":1,"3142":0,"3143":0,"3144":0,"3146":0,"3147":0,"3148":0,"3150":0,"3154":1,"3155":0,"3156":0,"3157":0,"3159":0,"3160":0,"3161":0,"3163":0,"3167":1,"3168":0,"3169":0,"3173":1,"3174":0,"3176":0,"3177":0,"3179":0,"3180":0,"3181":0,"3183":0,"3184":0,"3188":1,"3189":0,"3192":1,"3193":0,"3196":1,"3197":0,"3201":0,"3202":0,"3205":0,"3207":0,"3208":0,"3211":0,"3213":0,"3215":0,"3216":0,"3217":0,"3218":0,"3219":0,"3220":0,"3223":0,"3224":0,"3231":0,"3234":1,"3236":0,"3241":0,"3242":0,"3244":0,"3246":0,"3248":0,"3252":0,"3255":1,"3256":1,"3258":1,"3259":0,"3262":1,"3263":0,"3264":0,"3266":0,"3267":0,"3268":0,"3270":0,"3272":0,"3274":0,"3283":1,"3284":0,"3285":0,"3287":0,"3288":0,"3289":0,"3290":0,"3291":0,"3293":0,"3294":0,"3295":0,"3296":0,"3298":0,"3301":1,"3302":0,"3303":0,"3305":0,"3306":0,"3309":1,"3310":0,"3313":0,"3315":0,"3319":1,"3320":0,"3323":1,"3324":0,"3327":0,"3329":0,"3333":1,"3334":0,"3340":1,"3341":0,"3343":0,"3344":0,"3346":0,"3347":0,"3348":0,"3350":0,"3354":1,"3357":0,"3358":0,"3360":0,"3365":1,"3366":0,"3369":1,"3370":0,"3373":0,"3375":0,"3379":0,"3385":0,"3388":0,"3391":0,"3394":0,"3398":0,"3399":0,"3401":0,"3402":0,"3406":0,"3407":0,"3410":0,"3413":1,"3414":0,"3415":0,"3416":0,"3420":0,"3421":0,"3424":0,"3427":1,"3428":0,"3431":1,"3432":0,"3435":1,"3436":0,"3439":1,"3440":0,"3441":0,"3444":1,"3445":0,"3446":0,"3457":1,"3459":0,"3462":1,"3463":0,"3466":1,"3467":0,"3470":1,"3471":0,"3474":1,"3475":0,"3486":1,"3487":0,"3490":1,"3491":0,"3494":1,"3495":4,"3498":1,"3499":1,"3500":1,"3501":1,"3505":1,"3506":1,"3510":1,"3511":1,"3516":1,"3517":1,"3518":1,"3519":1,"3520":1,"3521":1,"3522":1,"3523":1,"3525":1,"3526":0,"3529":1,"3530":0,"3535":1,"3536":0,"3544":1,"3545":0,"3549":1,"3550":0,"3553":1,"3554":0,"3555":0,"3558":1,"3559":0,"3560":0,"3561":0,"3563":0,"3564":0,"3565":0,"3567":0,"3571":1,"3572":0,"3575":0,"3576":0,"3577":0,"3578":0,"3583":1,"3587":1,"3591":1,"3595":1,"3596":1,"3597":0,"3602":1,"3603":0,"3608":1,"3612":1,"3615":1,"3619":1,"3620":1,"3621":1,"3623":0,"3628":1,"3629":1,"3630":0,"3635":1,"3639":1,"3643":1,"3646":1,"3650":1,"3651":1,"3652":1,"3653":0,"3660":1,"3661":0,"3662":0,"3667":1,"3671":1,"3675":1,"3679":1,"3680":1,"3681":1,"3685":1,"3689":1,"3693":1,"3697":1,"3701":1,"3702":1,"3703":1,"3707":1,"3711":1,"3712":0,"3715":1,"3716":0,"3719":1,"3720":1,"3721":0,"3723":1,"3724":0,"3726":1,"3727":0,"3729":1,"3730":0,"3732":1,"3733":0,"3735":1,"3736":0,"3742":1,"3746":1,"3750":1,"3751":1,"3752":1,"3754":1,"3755":1,"3756":6,"3759":1,"3760":0,"3763":1,"3764":9,"3768":1,"3772":1,"3773":1,"3777":1,"3778":0,"3781":1,"3782":0,"3785":1,"3787":1,"3788":1,"3789":1,"3790":1,"3791":1,"3792":1,"3793":1,"3794":1,"3795":1,"3796":1,"3797":1,"3798":1,"3799":1,"3800":1,"3801":1,"3802":1,"3803":1,"3804":1,"3805":1,"3806":1,"3807":1,"3808":1,"3809":1,"3810":1,"3811":1,"3812":1,"3813":1,"3814":1,"3815":1,"3816":1,"3817":1,"3818":1,"3819":1,"3820":1,"3821":1,"3822":1,"3823":1,"3824":1,"3827":1,"3828":1,"3831":1,"3832":1,"3835":1,"3838":1,"3839":1,"3842":1,"3843":1,"3844":1,"3845":1,"3848":1,"3849":1,"3850":1,"3851":1,"3852":1,"3855":1,"3858":1,"3861":1,"3864":1,"3867":1,"3868":1,"3869":1,"3870":1,"3871":1,"3872":1,"3873":1,"3874":1,"3875":1,"3876":1,"3879":1,"3880":1,"3883":1,"3884":1,"3885":1,"3886":1,"3887":1,"3889":1,"3890":0,"3893":1,"3894":0,"3897":1,"3898":0,"3901":1,"3903":1,"3904":1,"3905":1,"3906":1,"3907":1,"3908":1,"3909":1,"3910":1,"3911":1,"3914":1,"3915":1,"3916":1,"3917":1,"3918":1,"3921":1,"3922":1,"3923":1,"3926":1,"3927":1,"3928":1,"3929":1,"3931":1,"3932":1,"3933":1,"3936":1,"3937":1,"3939":1,"3940":0,"3941":0,"3942":0,"3945":1,"3946":0,"3947":0,"3948":0,"3951":0,"3953":0,"3954":0,"3957":0,"3958":0,"3959":0,"3960":0,"3962":0,"3973":1,"3974":0,"3975":0,"3976":0,"3977":0,"3980":0,"3982":0,"3983":0,"3984":0,"3986":0,"3987":0,"3988":0,"3991":0,"3994":0,"3997":0,"3998":0,"4001":0,"4002":0,"4003":0,"4004":0,"4006":0,"4009":1,"4010":0,"4013":1,"4014":0,"4017":1,"4018":0,"4021":1,"4022":0,"4025":1,"4026":0,"4029":1,"4032":0,"4037":0,"4042":1,"4043":1,"4045":1,"4047":1,"4048":0,"4050":0,"4051":0,"4052":0,"4054":0,"4055":0,"4056":0,"4057":0,"4058":0,"4059":0,"4061":0,"4064":1,"4065":0,"4067":0,"4068":0,"4069":0,"4071":0,"4075":1,"4076":0,"4080":1,"4081":0,"4084":1,"4085":0,"4086":0,"4088":0,"4092":1,"4093":0,"4094":0,"4095":0,"4096":0,"4097":0,"4101":0,"4103":0,"4104":0,"4105":0,"4110":0,"4112":0,"4113":0,"4115":0,"4116":0,"4118":0,"4119":0,"4121":0,"4124":0,"4125":0,"4126":0,"4129":0,"4130":0,"4132":0,"4133":0,"4134":0,"4136":0,"4139":1,"4142":0,"4145":1,"4147":0,"4150":1,"4151":0,"4152":0,"4154":0,"4155":0,"4156":0,"4158":0,"4160":0,"4161":0,"4162":0,"4163":0,"4166":0,"4167":0,"4168":0,"4169":0,"4170":0,"4171":0,"4172":0,"4174":0,"4175":0,"4181":1,"4182":0,"4183":0,"4185":0,"4193":1,"4194":8,"4195":0,"4199":1,"4200":1,"4201":1,"4202":1,"4203":1,"4204":1,"4205":1,"4206":1,"4208":1,"4209":0,"4210":0,"4213":1,"4214":7,"4215":0,"4219":1,"4220":1,"4221":1,"4222":1,"4223":1,"4224":1,"4225":1,"4227":1,"4228":0,"4231":1,"4232":1,"4242":1,"4243":0,"4246":1,"4247":0,"4248":0,"4249":0,"4250":0,"4251":0,"4252":0,"4253":0,"4255":0,"4267":0,"4268":0,"4269":0,"4270":0,"4274":1,"4275":0,"4276":0,"4278":0,"4279":0,"4280":0,"4282":0,"4286":1,"4287":0,"4288":0,"4290":0,"4291":0,"4293":0,"4294":0,"4295":0,"4297":0,"4300":1,"4301":0,"4302":0,"4305":0,"4306":0,"4308":0,"4309":0,"4312":0,"4315":1,"4317":1,"4325":0,"4326":0,"4329":0,"4330":0,"4331":0,"4332":0,"4335":0,"4336":0,"4337":0,"4338":0,"4341":0,"4342":0,"4346":0,"4347":0,"4348":0,"4349":0,"4350":0,"4351":0,"4352":0,"4354":0,"4357":0,"4360":0,"4371":1,"4373":1,"4374":1,"4375":1,"4376":1,"4377":1,"4378":1,"4379":1,"4380":1,"4381":1,"4382":1,"4383":1,"4384":1,"4385":1,"4386":1,"4387":1,"4388":1,"4389":1,"4390":1,"4391":1,"4392":1,"4393":1,"4394":1,"4395":1,"4396":1,"4397":1,"4398":1,"4399":1,"4400":1,"4401":1,"4402":1,"4405":1,"4406":1,"4412":1,"4413":1,"4417":1,"4418":1,"4419":1,"4420":0,"4422":1,"4423":0,"4429":1,"4431":1,"4433":1,"4434":1,"4435":1,"4436":1,"4437":1,"4438":1,"4439":1,"4440":1,"4441":1,"4442":1,"4443":1,"4444":1,"4445":1,"4446":1,"4447":1,"4448":1,"4449":1,"4450":1,"4451":1,"4452":1,"4453":1,"4454":1,"4455":1,"4456":1,"4457":1,"4458":1,"4459":1,"4461":1}}}